[14-May-2022 21:08:49 UTC] PHP Notice:  Undefined index: Autoriza in C:\NominaW\View\index.php on line 8
[14-May-2022 21:08:49 UTC] PHP Notice:  Undefined index: curp in C:\NominaW\View\index.php on line 8
[14-May-2022 21:08:49 UTC] PHP Notice:  Undefined index: IdDepto in C:\NominaW\View\index.php on line 19
[14-May-2022 21:08:49 UTC] PHP Notice:  Undefined index: nameImgPer in C:\NominaW\View\index.php on line 90
[14-May-2022 21:08:49 UTC] PHP Notice:  Undefined index: curp in C:\NominaW\View\index.php on line 140
[14-May-2022 21:08:49 UTC] PHP Notice:  Undefined index: Autoriza in C:\NominaW\View\index.php on line 141
[14-May-2022 21:08:49 UTC] PHP Notice:  Undefined index: VacTotal in C:\NominaW\View\index.php on line 142
[14-May-2022 21:08:49 UTC] PHP Notice:  Undefined index: VacTomadas in C:\NominaW\View\index.php on line 143
[14-May-2022 21:08:49 UTC] PHP Notice:  Undefined index: nameImg in C:\NominaW\View\index.php on line 144
[14-May-2022 21:08:49 UTC] PHP Notice:  Undefined index: nameImgPer in C:\NominaW\View\index.php on line 145
[14-May-2022 21:08:49 UTC] PHP Notice:  Undefined index: nameImg in C:\NominaW\View\index.php on line 1605
[14-May-2022 21:08:49 UTC] PHP Notice:  Undefined index: nameImg in C:\NominaW\View\index.php on line 1607
[14-May-2022 21:08:57 UTC] PHP Notice:  Undefined index: Autoriza in C:\NominaW\View\index.php on line 8
[14-May-2022 21:08:57 UTC] PHP Notice:  Undefined index: curp in C:\NominaW\View\index.php on line 8
[14-May-2022 21:08:57 UTC] PHP Notice:  Undefined index: IdDepto in C:\NominaW\View\index.php on line 19
[14-May-2022 21:08:57 UTC] PHP Notice:  Undefined index: nameImgPer in C:\NominaW\View\index.php on line 90
[14-May-2022 21:08:57 UTC] PHP Notice:  Undefined index: curp in C:\NominaW\View\index.php on line 140
[14-May-2022 21:08:57 UTC] PHP Notice:  Undefined index: Autoriza in C:\NominaW\View\index.php on line 141
[14-May-2022 21:08:57 UTC] PHP Notice:  Undefined index: VacTotal in C:\NominaW\View\index.php on line 142
[14-May-2022 21:08:57 UTC] PHP Notice:  Undefined index: VacTomadas in C:\NominaW\View\index.php on line 143
[14-May-2022 21:08:57 UTC] PHP Notice:  Undefined index: nameImg in C:\NominaW\View\index.php on line 144
[14-May-2022 21:08:57 UTC] PHP Notice:  Undefined index: nameImgPer in C:\NominaW\View\index.php on line 145
[14-May-2022 21:08:57 UTC] PHP Notice:  Undefined index: nameImg in C:\NominaW\View\index.php on line 1605
[14-May-2022 21:08:57 UTC] PHP Notice:  Undefined index: nameImg in C:\NominaW\View\index.php on line 1607
[14-May-2022 21:12:12 UTC] PHP Notice:  Undefined index: Autoriza in C:\NominaW\View\index.php on line 8
[14-May-2022 21:12:12 UTC] PHP Notice:  Undefined index: curp in C:\NominaW\View\index.php on line 8
[14-May-2022 21:12:12 UTC] PHP Notice:  Undefined index: IdDepto in C:\NominaW\View\index.php on line 19
[14-May-2022 21:12:12 UTC] PHP Notice:  Undefined index: nameImgPer in C:\NominaW\View\index.php on line 90
[14-May-2022 21:12:12 UTC] PHP Notice:  Undefined index: curp in C:\NominaW\View\index.php on line 140
[14-May-2022 21:12:12 UTC] PHP Notice:  Undefined index: Autoriza in C:\NominaW\View\index.php on line 141
[14-May-2022 21:12:12 UTC] PHP Notice:  Undefined index: VacTotal in C:\NominaW\View\index.php on line 142
[14-May-2022 21:12:12 UTC] PHP Notice:  Undefined index: VacTomadas in C:\NominaW\View\index.php on line 143
[14-May-2022 21:12:12 UTC] PHP Notice:  Undefined index: nameImg in C:\NominaW\View\index.php on line 144
[14-May-2022 21:12:12 UTC] PHP Notice:  Undefined index: nameImgPer in C:\NominaW\View\index.php on line 145
[14-May-2022 21:12:12 UTC] PHP Notice:  Undefined index: nameImg in C:\NominaW\View\index.php on line 1605
[14-May-2022 21:12:12 UTC] PHP Notice:  Undefined index: nameImg in C:\NominaW\View\index.php on line 1607
[14-May-2022 21:19:45 UTC] PHP Notice:  Undefined index: Autoriza in C:\NominaW\View\index.php on line 8
[14-May-2022 21:19:45 UTC] PHP Notice:  Undefined index: curp in C:\NominaW\View\index.php on line 8
[14-May-2022 21:19:45 UTC] PHP Notice:  Undefined index: IdDepto in C:\NominaW\View\index.php on line 19
[14-May-2022 21:19:45 UTC] PHP Notice:  Undefined index: nameImgPer in C:\NominaW\View\index.php on line 90
[14-May-2022 21:19:45 UTC] PHP Notice:  Undefined index: curp in C:\NominaW\View\index.php on line 140
[14-May-2022 21:19:45 UTC] PHP Notice:  Undefined index: Autoriza in C:\NominaW\View\index.php on line 141
[14-May-2022 21:19:45 UTC] PHP Notice:  Undefined index: VacTotal in C:\NominaW\View\index.php on line 142
[14-May-2022 21:19:45 UTC] PHP Notice:  Undefined index: VacTomadas in C:\NominaW\View\index.php on line 143
[14-May-2022 21:19:45 UTC] PHP Notice:  Undefined index: nameImg in C:\NominaW\View\index.php on line 144
[14-May-2022 21:19:45 UTC] PHP Notice:  Undefined index: nameImgPer in C:\NominaW\View\index.php on line 145
[14-May-2022 21:19:45 UTC] PHP Notice:  Undefined index: nameImg in C:\NominaW\View\index.php on line 1605
[14-May-2022 21:19:45 UTC] PHP Notice:  Undefined index: nameImg in C:\NominaW\View\index.php on line 1607
[14-May-2022 21:19:50 UTC] PHP Notice:  Undefined index: Autoriza in C:\NominaW\View\index.php on line 8
[14-May-2022 21:19:50 UTC] PHP Notice:  Undefined index: curp in C:\NominaW\View\index.php on line 8
[14-May-2022 21:19:50 UTC] PHP Notice:  Undefined index: IdDepto in C:\NominaW\View\index.php on line 19
[14-May-2022 21:19:50 UTC] PHP Notice:  Undefined index: nameImgPer in C:\NominaW\View\index.php on line 90
[14-May-2022 21:19:50 UTC] PHP Notice:  Undefined index: curp in C:\NominaW\View\index.php on line 140
[14-May-2022 21:19:50 UTC] PHP Notice:  Undefined index: Autoriza in C:\NominaW\View\index.php on line 141
[14-May-2022 21:19:50 UTC] PHP Notice:  Undefined index: VacTotal in C:\NominaW\View\index.php on line 142
[14-May-2022 21:19:50 UTC] PHP Notice:  Undefined index: VacTomadas in C:\NominaW\View\index.php on line 143
[14-May-2022 21:19:50 UTC] PHP Notice:  Undefined index: nameImg in C:\NominaW\View\index.php on line 144
[14-May-2022 21:19:50 UTC] PHP Notice:  Undefined index: nameImgPer in C:\NominaW\View\index.php on line 145
[14-May-2022 21:19:50 UTC] PHP Notice:  Undefined index: nameImg in C:\NominaW\View\index.php on line 1605
[14-May-2022 21:19:50 UTC] PHP Notice:  Undefined index: nameImg in C:\NominaW\View\index.php on line 1607
[14-May-2022 21:20:18 UTC] PHP Notice:  Undefined index: Autoriza in C:\NominaW\View\index.php on line 8
[14-May-2022 21:20:18 UTC] PHP Notice:  Undefined index: curp in C:\NominaW\View\index.php on line 8
[14-May-2022 21:20:18 UTC] PHP Notice:  Undefined index: IdDepto in C:\NominaW\View\index.php on line 19
[14-May-2022 21:20:18 UTC] PHP Notice:  Undefined index: nameImgPer in C:\NominaW\View\index.php on line 90
[14-May-2022 21:20:18 UTC] PHP Notice:  Undefined index: curp in C:\NominaW\View\index.php on line 140
[14-May-2022 21:20:18 UTC] PHP Notice:  Undefined index: Autoriza in C:\NominaW\View\index.php on line 141
[14-May-2022 21:20:18 UTC] PHP Notice:  Undefined index: VacTotal in C:\NominaW\View\index.php on line 142
[14-May-2022 21:20:18 UTC] PHP Notice:  Undefined index: VacTomadas in C:\NominaW\View\index.php on line 143
[14-May-2022 21:20:18 UTC] PHP Notice:  Undefined index: nameImg in C:\NominaW\View\index.php on line 144
[14-May-2022 21:20:18 UTC] PHP Notice:  Undefined index: nameImgPer in C:\NominaW\View\index.php on line 145
[14-May-2022 21:20:18 UTC] PHP Notice:  Undefined index: nameImg in C:\NominaW\View\index.php on line 1605
[14-May-2022 21:20:18 UTC] PHP Notice:  Undefined index: nameImg in C:\NominaW\View\index.php on line 1607
[20-May-2022 19:56:30 UTC] PHP Notice:  Undefined index: Autoriza in C:\NominaW\View\index.php on line 8
[20-May-2022 19:56:30 UTC] PHP Notice:  Undefined index: curp in C:\NominaW\View\index.php on line 8
[20-May-2022 19:56:30 UTC] PHP Notice:  Undefined index: IdDepto in C:\NominaW\View\index.php on line 19
[20-May-2022 19:56:30 UTC] PHP Notice:  Undefined index: nameImgPer in C:\NominaW\View\index.php on line 90
[20-May-2022 19:56:30 UTC] PHP Notice:  Undefined index: curp in C:\NominaW\View\index.php on line 140
[20-May-2022 19:56:30 UTC] PHP Notice:  Undefined index: Autoriza in C:\NominaW\View\index.php on line 141
[20-May-2022 19:56:30 UTC] PHP Notice:  Undefined index: VacTotal in C:\NominaW\View\index.php on line 142
[20-May-2022 19:56:30 UTC] PHP Notice:  Undefined index: VacTomadas in C:\NominaW\View\index.php on line 143
[20-May-2022 19:56:30 UTC] PHP Notice:  Undefined index: nameImg in C:\NominaW\View\index.php on line 144
[20-May-2022 19:56:30 UTC] PHP Notice:  Undefined index: nameImgPer in C:\NominaW\View\index.php on line 145
[20-May-2022 19:56:30 UTC] PHP Notice:  Undefined index: nameImg in C:\NominaW\View\index.php on line 1605
[20-May-2022 19:56:30 UTC] PHP Notice:  Undefined index: nameImg in C:\NominaW\View\index.php on line 1607
[20-May-2022 20:38:14 UTC] PHP Notice:  Undefined index: Autoriza in C:\NominaW\View\index.php on line 8
[20-May-2022 20:38:14 UTC] PHP Notice:  Undefined index: curp in C:\NominaW\View\index.php on line 8
[20-May-2022 20:38:14 UTC] PHP Notice:  Undefined index: IdDepto in C:\NominaW\View\index.php on line 19
[20-May-2022 20:38:14 UTC] PHP Notice:  Undefined index: nameImgPer in C:\NominaW\View\index.php on line 90
[20-May-2022 20:38:14 UTC] PHP Notice:  Undefined index: curp in C:\NominaW\View\index.php on line 140
[20-May-2022 20:38:14 UTC] PHP Notice:  Undefined index: Autoriza in C:\NominaW\View\index.php on line 141
[20-May-2022 20:38:14 UTC] PHP Notice:  Undefined index: VacTotal in C:\NominaW\View\index.php on line 142
[20-May-2022 20:38:14 UTC] PHP Notice:  Undefined index: VacTomadas in C:\NominaW\View\index.php on line 143
[20-May-2022 20:38:14 UTC] PHP Notice:  Undefined index: nameImg in C:\NominaW\View\index.php on line 144
[20-May-2022 20:38:14 UTC] PHP Notice:  Undefined index: nameImgPer in C:\NominaW\View\index.php on line 145
[20-May-2022 20:38:14 UTC] PHP Notice:  Undefined index: nameImg in C:\NominaW\View\index.php on line 1605
[20-May-2022 20:38:14 UTC] PHP Notice:  Undefined index: nameImg in C:\NominaW\View\index.php on line 1607
[23-May-2022 16:33:23 UTC] PHP Notice:  Undefined index: Autoriza in C:\NominaW\View\index.php on line 8
[23-May-2022 16:33:23 UTC] PHP Notice:  Undefined index: curp in C:\NominaW\View\index.php on line 8
[23-May-2022 16:33:23 UTC] PHP Notice:  Undefined index: IdDepto in C:\NominaW\View\index.php on line 19
[23-May-2022 16:33:23 UTC] PHP Notice:  Undefined index: nameImgPer in C:\NominaW\View\index.php on line 90
[23-May-2022 16:33:23 UTC] PHP Notice:  Undefined index: curp in C:\NominaW\View\index.php on line 140
[23-May-2022 16:33:23 UTC] PHP Notice:  Undefined index: Autoriza in C:\NominaW\View\index.php on line 141
[23-May-2022 16:33:23 UTC] PHP Notice:  Undefined index: VacTotal in C:\NominaW\View\index.php on line 142
[23-May-2022 16:33:23 UTC] PHP Notice:  Undefined index: VacTomadas in C:\NominaW\View\index.php on line 143
[23-May-2022 16:33:23 UTC] PHP Notice:  Undefined index: nameImg in C:\NominaW\View\index.php on line 144
[23-May-2022 16:33:23 UTC] PHP Notice:  Undefined index: nameImgPer in C:\NominaW\View\index.php on line 145
[23-May-2022 16:33:23 UTC] PHP Notice:  Undefined index: nameImg in C:\NominaW\View\index.php on line 1605
[23-May-2022 16:33:23 UTC] PHP Notice:  Undefined index: nameImg in C:\NominaW\View\index.php on line 1607
[23-May-2022 16:52:41 UTC] PHP Notice:  Undefined index: Autoriza in C:\NominaW\View\index.php on line 8
[23-May-2022 16:52:41 UTC] PHP Notice:  Undefined index: curp in C:\NominaW\View\index.php on line 8
[23-May-2022 16:52:41 UTC] PHP Notice:  Undefined index: IdDepto in C:\NominaW\View\index.php on line 19
[23-May-2022 16:52:41 UTC] PHP Notice:  Undefined index: nameImgPer in C:\NominaW\View\index.php on line 90
[23-May-2022 16:52:41 UTC] PHP Notice:  Undefined index: curp in C:\NominaW\View\index.php on line 140
[23-May-2022 16:52:41 UTC] PHP Notice:  Undefined index: Autoriza in C:\NominaW\View\index.php on line 141
[23-May-2022 16:52:41 UTC] PHP Notice:  Undefined index: VacTotal in C:\NominaW\View\index.php on line 142
[23-May-2022 16:52:41 UTC] PHP Notice:  Undefined index: VacTomadas in C:\NominaW\View\index.php on line 143
[23-May-2022 16:52:41 UTC] PHP Notice:  Undefined index: nameImg in C:\NominaW\View\index.php on line 144
[23-May-2022 16:52:41 UTC] PHP Notice:  Undefined index: nameImgPer in C:\NominaW\View\index.php on line 145
[23-May-2022 16:52:41 UTC] PHP Notice:  Undefined index: nameImg in C:\NominaW\View\index.php on line 1605
[23-May-2022 16:52:41 UTC] PHP Notice:  Undefined index: nameImg in C:\NominaW\View\index.php on line 1607
[23-May-2022 16:57:55 UTC] PHP Notice:  Undefined index: Autoriza in C:\NominaW\View\index.php on line 8
[23-May-2022 16:57:55 UTC] PHP Notice:  Undefined index: curp in C:\NominaW\View\index.php on line 8
[23-May-2022 16:57:55 UTC] PHP Notice:  Undefined index: IdDepto in C:\NominaW\View\index.php on line 19
[23-May-2022 16:57:55 UTC] PHP Notice:  Undefined index: nameImgPer in C:\NominaW\View\index.php on line 90
[23-May-2022 16:57:55 UTC] PHP Notice:  Undefined index: curp in C:\NominaW\View\index.php on line 140
[23-May-2022 16:57:55 UTC] PHP Notice:  Undefined index: Autoriza in C:\NominaW\View\index.php on line 141
[23-May-2022 16:57:55 UTC] PHP Notice:  Undefined index: VacTotal in C:\NominaW\View\index.php on line 142
[23-May-2022 16:57:55 UTC] PHP Notice:  Undefined index: VacTomadas in C:\NominaW\View\index.php on line 143
[23-May-2022 16:57:55 UTC] PHP Notice:  Undefined index: nameImg in C:\NominaW\View\index.php on line 144
[23-May-2022 16:57:55 UTC] PHP Notice:  Undefined index: nameImgPer in C:\NominaW\View\index.php on line 145
[23-May-2022 16:57:55 UTC] PHP Notice:  Undefined index: nameImg in C:\NominaW\View\index.php on line 1605
[23-May-2022 16:57:55 UTC] PHP Notice:  Undefined index: nameImg in C:\NominaW\View\index.php on line 1607
[23-May-2022 16:58:15 UTC] PHP Notice:  Undefined index: Autoriza in C:\NominaW\View\index.php on line 8
[23-May-2022 16:58:15 UTC] PHP Notice:  Undefined index: curp in C:\NominaW\View\index.php on line 8
[23-May-2022 16:58:15 UTC] PHP Notice:  Undefined index: IdDepto in C:\NominaW\View\index.php on line 19
[23-May-2022 16:58:15 UTC] PHP Notice:  Undefined index: nameImgPer in C:\NominaW\View\index.php on line 90
[23-May-2022 16:58:15 UTC] PHP Notice:  Undefined index: curp in C:\NominaW\View\index.php on line 140
[23-May-2022 16:58:15 UTC] PHP Notice:  Undefined index: Autoriza in C:\NominaW\View\index.php on line 141
[23-May-2022 16:58:15 UTC] PHP Notice:  Undefined index: VacTotal in C:\NominaW\View\index.php on line 142
[23-May-2022 16:58:15 UTC] PHP Notice:  Undefined index: VacTomadas in C:\NominaW\View\index.php on line 143
[23-May-2022 16:58:15 UTC] PHP Notice:  Undefined index: nameImg in C:\NominaW\View\index.php on line 144
[23-May-2022 16:58:15 UTC] PHP Notice:  Undefined index: nameImgPer in C:\NominaW\View\index.php on line 145
[23-May-2022 16:58:15 UTC] PHP Notice:  Undefined index: nameImg in C:\NominaW\View\index.php on line 1605
[23-May-2022 16:58:15 UTC] PHP Notice:  Undefined index: nameImg in C:\NominaW\View\index.php on line 1607
[24-May-2022 15:08:32 UTC] PHP Notice:  Undefined index: Autoriza in C:\NominaW\View\index.php on line 8
[24-May-2022 15:08:32 UTC] PHP Notice:  Undefined index: curp in C:\NominaW\View\index.php on line 8
[24-May-2022 15:08:32 UTC] PHP Notice:  Undefined index: IdDepto in C:\NominaW\View\index.php on line 19
[24-May-2022 15:08:32 UTC] PHP Notice:  Undefined index: nameImgPer in C:\NominaW\View\index.php on line 90
[24-May-2022 15:08:32 UTC] PHP Notice:  Undefined index: curp in C:\NominaW\View\index.php on line 140
[24-May-2022 15:08:32 UTC] PHP Notice:  Undefined index: Autoriza in C:\NominaW\View\index.php on line 141
[24-May-2022 15:08:32 UTC] PHP Notice:  Undefined index: VacTotal in C:\NominaW\View\index.php on line 142
[24-May-2022 15:08:32 UTC] PHP Notice:  Undefined index: VacTomadas in C:\NominaW\View\index.php on line 143
[24-May-2022 15:08:32 UTC] PHP Notice:  Undefined index: nameImg in C:\NominaW\View\index.php on line 144
[24-May-2022 15:08:32 UTC] PHP Notice:  Undefined index: nameImgPer in C:\NominaW\View\index.php on line 145
[24-May-2022 15:08:32 UTC] PHP Notice:  Undefined index: nameImg in C:\NominaW\View\index.php on line 1605
[24-May-2022 15:08:32 UTC] PHP Notice:  Undefined index: nameImg in C:\NominaW\View\index.php on line 1607
[24-May-2022 15:09:50 UTC] PHP Notice:  session_start(): A session had already been started - ignoring in C:\NominaW\Mod\modPdf.php on line 6
[24-May-2022 10:09:50 America/Mexico_City] PHP Notice:  Undefined index: archivo in C:\NominaW\View\subir.php on line 8
[24-May-2022 10:09:50 America/Mexico_City] PHP Notice:  Trying to access array offset on value of type null in C:\NominaW\View\subir.php on line 8
[24-May-2022 10:09:50 America/Mexico_City] PHP Notice:  Undefined index: archivo in C:\NominaW\View\subir.php on line 13
[24-May-2022 10:09:50 America/Mexico_City] PHP Notice:  Trying to access array offset on value of type null in C:\NominaW\View\subir.php on line 13
[24-May-2022 10:09:50 America/Mexico_City] PHP Notice:  Undefined index: archivo in C:\NominaW\View\subir.php on line 14
[24-May-2022 10:09:50 America/Mexico_City] PHP Notice:  Trying to access array offset on value of type null in C:\NominaW\View\subir.php on line 14
[24-May-2022 10:09:50 America/Mexico_City] PHP Warning:  mkdir(): No such file or directory in C:\NominaW\View\subir.php on line 19
[17-Jun-2022 16:07:40 UTC] PHP Notice:  Undefined index: Autoriza in C:\NominaW\View\index.php on line 8
[17-Jun-2022 16:07:40 UTC] PHP Notice:  Undefined index: curp in C:\NominaW\View\index.php on line 8
[17-Jun-2022 16:07:40 UTC] PHP Notice:  Undefined index: IdDepto in C:\NominaW\View\index.php on line 19
[17-Jun-2022 16:07:40 UTC] PHP Notice:  Undefined index: nameImgPer in C:\NominaW\View\index.php on line 90
[17-Jun-2022 16:07:40 UTC] PHP Notice:  Undefined index: curp in C:\NominaW\View\index.php on line 140
[17-Jun-2022 16:07:40 UTC] PHP Notice:  Undefined index: Autoriza in C:\NominaW\View\index.php on line 141
[17-Jun-2022 16:07:40 UTC] PHP Notice:  Undefined index: VacTotal in C:\NominaW\View\index.php on line 142
[17-Jun-2022 16:07:40 UTC] PHP Notice:  Undefined index: VacTomadas in C:\NominaW\View\index.php on line 143
[17-Jun-2022 16:07:40 UTC] PHP Notice:  Undefined index: nameImg in C:\NominaW\View\index.php on line 144
[17-Jun-2022 16:07:40 UTC] PHP Notice:  Undefined index: nameImgPer in C:\NominaW\View\index.php on line 145
[17-Jun-2022 16:07:40 UTC] PHP Notice:  Undefined index: nameImg in C:\NominaW\View\index.php on line 1605
[17-Jun-2022 16:07:40 UTC] PHP Notice:  Undefined index: nameImg in C:\NominaW\View\index.php on line 1607
[21-Jun-2022 21:48:25 UTC] PHP Notice:  Undefined index: Autoriza in C:\NominaW\View\index.php on line 8
[21-Jun-2022 21:48:25 UTC] PHP Notice:  Undefined index: curp in C:\NominaW\View\index.php on line 8
[21-Jun-2022 21:48:25 UTC] PHP Notice:  Undefined index: IdDepto in C:\NominaW\View\index.php on line 19
[21-Jun-2022 21:48:25 UTC] PHP Notice:  Undefined index: nameImgPer in C:\NominaW\View\index.php on line 90
[21-Jun-2022 21:48:25 UTC] PHP Notice:  Undefined index: curp in C:\NominaW\View\index.php on line 140
[21-Jun-2022 21:48:25 UTC] PHP Notice:  Undefined index: Autoriza in C:\NominaW\View\index.php on line 141
[21-Jun-2022 21:48:25 UTC] PHP Notice:  Undefined index: VacTotal in C:\NominaW\View\index.php on line 142
[21-Jun-2022 21:48:25 UTC] PHP Notice:  Undefined index: VacTomadas in C:\NominaW\View\index.php on line 143
[21-Jun-2022 21:48:25 UTC] PHP Notice:  Undefined index: nameImg in C:\NominaW\View\index.php on line 144
[21-Jun-2022 21:48:25 UTC] PHP Notice:  Undefined index: nameImgPer in C:\NominaW\View\index.php on line 145
[21-Jun-2022 21:48:25 UTC] PHP Notice:  Undefined index: nameImg in C:\NominaW\View\index.php on line 1605
[21-Jun-2022 21:48:25 UTC] PHP Notice:  Undefined index: nameImg in C:\NominaW\View\index.php on line 1607
[21-Jun-2022 21:50:44 UTC] PHP Notice:  Undefined index: Autoriza in C:\NominaW\View\index.php on line 8
[21-Jun-2022 21:50:44 UTC] PHP Notice:  Undefined index: curp in C:\NominaW\View\index.php on line 8
[21-Jun-2022 21:50:44 UTC] PHP Notice:  Undefined index: IdDepto in C:\NominaW\View\index.php on line 19
[21-Jun-2022 21:50:44 UTC] PHP Notice:  Undefined index: nameImgPer in C:\NominaW\View\index.php on line 90
[21-Jun-2022 21:50:44 UTC] PHP Notice:  Undefined index: curp in C:\NominaW\View\index.php on line 140
[21-Jun-2022 21:50:44 UTC] PHP Notice:  Undefined index: Autoriza in C:\NominaW\View\index.php on line 141
[21-Jun-2022 21:50:44 UTC] PHP Notice:  Undefined index: VacTotal in C:\NominaW\View\index.php on line 142
[21-Jun-2022 21:50:44 UTC] PHP Notice:  Undefined index: VacTomadas in C:\NominaW\View\index.php on line 143
[21-Jun-2022 21:50:44 UTC] PHP Notice:  Undefined index: nameImg in C:\NominaW\View\index.php on line 144
[21-Jun-2022 21:50:44 UTC] PHP Notice:  Undefined index: nameImgPer in C:\NominaW\View\index.php on line 145
[21-Jun-2022 21:50:44 UTC] PHP Notice:  Undefined index: nameImg in C:\NominaW\View\index.php on line 1605
[21-Jun-2022 21:50:44 UTC] PHP Notice:  Undefined index: nameImg in C:\NominaW\View\index.php on line 1607
[23-Jun-2022 15:57:52 UTC] PHP Notice:  Undefined index: Autoriza in C:\NominaW\View\index.php on line 8
[23-Jun-2022 15:57:52 UTC] PHP Notice:  Undefined index: curp in C:\NominaW\View\index.php on line 8
[23-Jun-2022 15:57:52 UTC] PHP Notice:  Undefined index: IdDepto in C:\NominaW\View\index.php on line 19
[23-Jun-2022 15:57:52 UTC] PHP Notice:  Undefined index: nameImgPer in C:\NominaW\View\index.php on line 90
[23-Jun-2022 15:57:52 UTC] PHP Notice:  Undefined index: curp in C:\NominaW\View\index.php on line 140
[23-Jun-2022 15:57:52 UTC] PHP Notice:  Undefined index: Autoriza in C:\NominaW\View\index.php on line 141
[23-Jun-2022 15:57:52 UTC] PHP Notice:  Undefined index: VacTotal in C:\NominaW\View\index.php on line 142
[23-Jun-2022 15:57:52 UTC] PHP Notice:  Undefined index: VacTomadas in C:\NominaW\View\index.php on line 143
[23-Jun-2022 15:57:52 UTC] PHP Notice:  Undefined index: nameImg in C:\NominaW\View\index.php on line 144
[23-Jun-2022 15:57:52 UTC] PHP Notice:  Undefined index: nameImgPer in C:\NominaW\View\index.php on line 145
[23-Jun-2022 15:57:52 UTC] PHP Notice:  Undefined index: nameImg in C:\NominaW\View\index.php on line 1605
[23-Jun-2022 15:57:52 UTC] PHP Notice:  Undefined index: nameImg in C:\NominaW\View\index.php on line 1607
[23-Jun-2022 20:09:12 UTC] PHP Notice:  Undefined index: Autoriza in C:\NominaW\View\index.php on line 8
[23-Jun-2022 20:09:12 UTC] PHP Notice:  Undefined index: curp in C:\NominaW\View\index.php on line 8
[23-Jun-2022 20:09:12 UTC] PHP Notice:  Undefined index: IdDepto in C:\NominaW\View\index.php on line 19
[23-Jun-2022 20:09:12 UTC] PHP Notice:  Undefined index: nameImgPer in C:\NominaW\View\index.php on line 90
[23-Jun-2022 20:09:12 UTC] PHP Notice:  Undefined index: curp in C:\NominaW\View\index.php on line 140
[23-Jun-2022 20:09:12 UTC] PHP Notice:  Undefined index: Autoriza in C:\NominaW\View\index.php on line 141
[23-Jun-2022 20:09:12 UTC] PHP Notice:  Undefined index: VacTotal in C:\NominaW\View\index.php on line 142
[23-Jun-2022 20:09:12 UTC] PHP Notice:  Undefined index: VacTomadas in C:\NominaW\View\index.php on line 143
[23-Jun-2022 20:09:12 UTC] PHP Notice:  Undefined index: nameImg in C:\NominaW\View\index.php on line 144
[23-Jun-2022 20:09:12 UTC] PHP Notice:  Undefined index: nameImgPer in C:\NominaW\View\index.php on line 145
[23-Jun-2022 20:09:12 UTC] PHP Notice:  Undefined index: nameImg in C:\NominaW\View\index.php on line 1605
[23-Jun-2022 20:09:12 UTC] PHP Notice:  Undefined index: nameImg in C:\NominaW\View\index.php on line 1607
[23-Jun-2022 20:34:50 UTC] PHP Notice:  Undefined index: Autoriza in C:\NominaW\View\index.php on line 8
[23-Jun-2022 20:34:50 UTC] PHP Notice:  Undefined index: curp in C:\NominaW\View\index.php on line 8
[23-Jun-2022 20:34:50 UTC] PHP Notice:  Undefined index: IdDepto in C:\NominaW\View\index.php on line 19
[23-Jun-2022 20:34:50 UTC] PHP Notice:  Undefined index: nameImgPer in C:\NominaW\View\index.php on line 90
[23-Jun-2022 20:34:50 UTC] PHP Notice:  Undefined index: curp in C:\NominaW\View\index.php on line 140
[23-Jun-2022 20:34:50 UTC] PHP Notice:  Undefined index: Autoriza in C:\NominaW\View\index.php on line 141
[23-Jun-2022 20:34:50 UTC] PHP Notice:  Undefined index: VacTotal in C:\NominaW\View\index.php on line 142
[23-Jun-2022 20:34:50 UTC] PHP Notice:  Undefined index: VacTomadas in C:\NominaW\View\index.php on line 143
[23-Jun-2022 20:34:50 UTC] PHP Notice:  Undefined index: nameImg in C:\NominaW\View\index.php on line 144
[23-Jun-2022 20:34:50 UTC] PHP Notice:  Undefined index: nameImgPer in C:\NominaW\View\index.php on line 145
[23-Jun-2022 20:34:50 UTC] PHP Notice:  Undefined index: nameImg in C:\NominaW\View\index.php on line 1605
[23-Jun-2022 20:34:50 UTC] PHP Notice:  Undefined index: nameImg in C:\NominaW\View\index.php on line 1607
[23-Jun-2022 20:34:51 UTC] PHP Notice:  Undefined index: Autoriza in C:\NominaW\View\index.php on line 8
[23-Jun-2022 20:34:51 UTC] PHP Notice:  Undefined index: curp in C:\NominaW\View\index.php on line 8
[23-Jun-2022 20:34:51 UTC] PHP Notice:  Undefined index: IdDepto in C:\NominaW\View\index.php on line 19
[23-Jun-2022 20:34:51 UTC] PHP Notice:  Undefined index: nameImgPer in C:\NominaW\View\index.php on line 90
[23-Jun-2022 20:34:51 UTC] PHP Notice:  Undefined index: curp in C:\NominaW\View\index.php on line 140
[23-Jun-2022 20:34:51 UTC] PHP Notice:  Undefined index: Autoriza in C:\NominaW\View\index.php on line 141
[23-Jun-2022 20:34:51 UTC] PHP Notice:  Undefined index: VacTotal in C:\NominaW\View\index.php on line 142
[23-Jun-2022 20:34:51 UTC] PHP Notice:  Undefined index: VacTomadas in C:\NominaW\View\index.php on line 143
[23-Jun-2022 20:34:51 UTC] PHP Notice:  Undefined index: nameImg in C:\NominaW\View\index.php on line 144
[23-Jun-2022 20:34:51 UTC] PHP Notice:  Undefined index: nameImgPer in C:\NominaW\View\index.php on line 145
[23-Jun-2022 20:34:51 UTC] PHP Notice:  Undefined index: nameImg in C:\NominaW\View\index.php on line 1605
[23-Jun-2022 20:34:51 UTC] PHP Notice:  Undefined index: nameImg in C:\NominaW\View\index.php on line 1607
[23-Jun-2022 20:34:51 UTC] PHP Notice:  Undefined index: Autoriza in C:\NominaW\View\index.php on line 8
[23-Jun-2022 20:34:51 UTC] PHP Notice:  Undefined index: curp in C:\NominaW\View\index.php on line 8
[23-Jun-2022 20:34:51 UTC] PHP Notice:  Undefined index: IdDepto in C:\NominaW\View\index.php on line 19
[23-Jun-2022 20:34:51 UTC] PHP Notice:  Undefined index: nameImgPer in C:\NominaW\View\index.php on line 90
[23-Jun-2022 20:34:51 UTC] PHP Notice:  Undefined index: curp in C:\NominaW\View\index.php on line 140
[23-Jun-2022 20:34:51 UTC] PHP Notice:  Undefined index: Autoriza in C:\NominaW\View\index.php on line 141
[23-Jun-2022 20:34:51 UTC] PHP Notice:  Undefined index: VacTotal in C:\NominaW\View\index.php on line 142
[23-Jun-2022 20:34:51 UTC] PHP Notice:  Undefined index: VacTomadas in C:\NominaW\View\index.php on line 143
[23-Jun-2022 20:34:51 UTC] PHP Notice:  Undefined index: nameImg in C:\NominaW\View\index.php on line 144
[23-Jun-2022 20:34:51 UTC] PHP Notice:  Undefined index: nameImgPer in C:\NominaW\View\index.php on line 145
[23-Jun-2022 20:34:51 UTC] PHP Notice:  Undefined index: nameImg in C:\NominaW\View\index.php on line 1605
[23-Jun-2022 20:34:51 UTC] PHP Notice:  Undefined index: nameImg in C:\NominaW\View\index.php on line 1607
[24-Jun-2022 16:48:41 UTC] PHP Notice:  Undefined index: Autoriza in C:\NominaW\View\index.php on line 8
[24-Jun-2022 16:48:41 UTC] PHP Notice:  Undefined index: curp in C:\NominaW\View\index.php on line 8
[24-Jun-2022 16:48:41 UTC] PHP Notice:  Undefined index: IdDepto in C:\NominaW\View\index.php on line 19
[24-Jun-2022 16:48:41 UTC] PHP Notice:  Undefined index: nameImgPer in C:\NominaW\View\index.php on line 90
[24-Jun-2022 16:48:41 UTC] PHP Notice:  Undefined index: curp in C:\NominaW\View\index.php on line 140
[24-Jun-2022 16:48:41 UTC] PHP Notice:  Undefined index: Autoriza in C:\NominaW\View\index.php on line 141
[24-Jun-2022 16:48:41 UTC] PHP Notice:  Undefined index: VacTotal in C:\NominaW\View\index.php on line 142
[24-Jun-2022 16:48:41 UTC] PHP Notice:  Undefined index: VacTomadas in C:\NominaW\View\index.php on line 143
[24-Jun-2022 16:48:41 UTC] PHP Notice:  Undefined index: nameImg in C:\NominaW\View\index.php on line 144
[24-Jun-2022 16:48:41 UTC] PHP Notice:  Undefined index: nameImgPer in C:\NominaW\View\index.php on line 145
[24-Jun-2022 16:48:41 UTC] PHP Notice:  Undefined index: nameImg in C:\NominaW\View\index.php on line 1605
[24-Jun-2022 16:48:41 UTC] PHP Notice:  Undefined index: nameImg in C:\NominaW\View\index.php on line 1607
[24-Jun-2022 17:39:30 UTC] PHP Notice:  Undefined index: Autoriza in C:\NominaW\View\index.php on line 8
[24-Jun-2022 17:39:30 UTC] PHP Notice:  Undefined index: curp in C:\NominaW\View\index.php on line 8
[24-Jun-2022 17:39:30 UTC] PHP Notice:  Undefined index: IdDepto in C:\NominaW\View\index.php on line 19
[24-Jun-2022 17:39:30 UTC] PHP Notice:  Undefined index: nameImgPer in C:\NominaW\View\index.php on line 90
[24-Jun-2022 17:39:30 UTC] PHP Notice:  Undefined index: curp in C:\NominaW\View\index.php on line 140
[24-Jun-2022 17:39:30 UTC] PHP Notice:  Undefined index: Autoriza in C:\NominaW\View\index.php on line 141
[24-Jun-2022 17:39:30 UTC] PHP Notice:  Undefined index: VacTotal in C:\NominaW\View\index.php on line 142
[24-Jun-2022 17:39:30 UTC] PHP Notice:  Undefined index: VacTomadas in C:\NominaW\View\index.php on line 143
[24-Jun-2022 17:39:30 UTC] PHP Notice:  Undefined index: nameImg in C:\NominaW\View\index.php on line 144
[24-Jun-2022 17:39:30 UTC] PHP Notice:  Undefined index: nameImgPer in C:\NominaW\View\index.php on line 145
[24-Jun-2022 17:39:30 UTC] PHP Notice:  Undefined index: nameImg in C:\NominaW\View\index.php on line 1605
[24-Jun-2022 17:39:30 UTC] PHP Notice:  Undefined index: nameImg in C:\NominaW\View\index.php on line 1607
[24-Jun-2022 17:39:35 UTC] PHP Notice:  Undefined index: Autoriza in C:\NominaW\View\index.php on line 8
[24-Jun-2022 17:39:35 UTC] PHP Notice:  Undefined index: curp in C:\NominaW\View\index.php on line 8
[24-Jun-2022 17:39:35 UTC] PHP Notice:  Undefined index: IdDepto in C:\NominaW\View\index.php on line 19
[24-Jun-2022 17:39:35 UTC] PHP Notice:  Undefined index: nameImgPer in C:\NominaW\View\index.php on line 90
[24-Jun-2022 17:39:35 UTC] PHP Notice:  Undefined index: curp in C:\NominaW\View\index.php on line 140
[24-Jun-2022 17:39:35 UTC] PHP Notice:  Undefined index: Autoriza in C:\NominaW\View\index.php on line 141
[24-Jun-2022 17:39:35 UTC] PHP Notice:  Undefined index: VacTotal in C:\NominaW\View\index.php on line 142
[24-Jun-2022 17:39:35 UTC] PHP Notice:  Undefined index: VacTomadas in C:\NominaW\View\index.php on line 143
[24-Jun-2022 17:39:35 UTC] PHP Notice:  Undefined index: nameImg in C:\NominaW\View\index.php on line 144
[24-Jun-2022 17:39:35 UTC] PHP Notice:  Undefined index: nameImgPer in C:\NominaW\View\index.php on line 145
[24-Jun-2022 17:39:35 UTC] PHP Notice:  Undefined index: nameImg in C:\NominaW\View\index.php on line 1605
[24-Jun-2022 17:39:35 UTC] PHP Notice:  Undefined index: nameImg in C:\NominaW\View\index.php on line 1607
[26-Jun-2022 18:46:44 UTC] PHP Notice:  Undefined index: Autoriza in C:\NominaW\View\index.php on line 8
[26-Jun-2022 18:46:44 UTC] PHP Notice:  Undefined index: curp in C:\NominaW\View\index.php on line 8
[26-Jun-2022 18:46:44 UTC] PHP Notice:  Undefined index: IdDepto in C:\NominaW\View\index.php on line 19
[26-Jun-2022 18:46:44 UTC] PHP Notice:  Undefined index: nameImgPer in C:\NominaW\View\index.php on line 90
[26-Jun-2022 18:46:44 UTC] PHP Notice:  Undefined index: curp in C:\NominaW\View\index.php on line 140
[26-Jun-2022 18:46:44 UTC] PHP Notice:  Undefined index: Autoriza in C:\NominaW\View\index.php on line 141
[26-Jun-2022 18:46:44 UTC] PHP Notice:  Undefined index: VacTotal in C:\NominaW\View\index.php on line 142
[26-Jun-2022 18:46:44 UTC] PHP Notice:  Undefined index: VacTomadas in C:\NominaW\View\index.php on line 143
[26-Jun-2022 18:46:44 UTC] PHP Notice:  Undefined index: nameImg in C:\NominaW\View\index.php on line 144
[26-Jun-2022 18:46:44 UTC] PHP Notice:  Undefined index: nameImgPer in C:\NominaW\View\index.php on line 145
[26-Jun-2022 18:46:44 UTC] PHP Notice:  Undefined index: nameImg in C:\NominaW\View\index.php on line 1605
[26-Jun-2022 18:46:44 UTC] PHP Notice:  Undefined index: nameImg in C:\NominaW\View\index.php on line 1607
[26-Jun-2022 18:47:03 UTC] PHP Notice:  Undefined index: Autoriza in C:\NominaW\View\index.php on line 8
[26-Jun-2022 18:47:03 UTC] PHP Notice:  Undefined index: curp in C:\NominaW\View\index.php on line 8
[26-Jun-2022 18:47:03 UTC] PHP Notice:  Undefined index: IdDepto in C:\NominaW\View\index.php on line 19
[26-Jun-2022 18:47:03 UTC] PHP Notice:  Undefined index: nameImgPer in C:\NominaW\View\index.php on line 90
[26-Jun-2022 18:47:03 UTC] PHP Notice:  Undefined index: curp in C:\NominaW\View\index.php on line 140
[26-Jun-2022 18:47:03 UTC] PHP Notice:  Undefined index: Autoriza in C:\NominaW\View\index.php on line 141
[26-Jun-2022 18:47:03 UTC] PHP Notice:  Undefined index: VacTotal in C:\NominaW\View\index.php on line 142
[26-Jun-2022 18:47:03 UTC] PHP Notice:  Undefined index: VacTomadas in C:\NominaW\View\index.php on line 143
[26-Jun-2022 18:47:03 UTC] PHP Notice:  Undefined index: nameImg in C:\NominaW\View\index.php on line 144
[26-Jun-2022 18:47:03 UTC] PHP Notice:  Undefined index: nameImgPer in C:\NominaW\View\index.php on line 145
[26-Jun-2022 18:47:03 UTC] PHP Notice:  Undefined index: nameImg in C:\NominaW\View\index.php on line 1605
[26-Jun-2022 18:47:03 UTC] PHP Notice:  Undefined index: nameImg in C:\NominaW\View\index.php on line 1607
[26-Jun-2022 18:47:54 UTC] PHP Notice:  Undefined index: Autoriza in C:\NominaW\View\index.php on line 8
[26-Jun-2022 18:47:54 UTC] PHP Notice:  Undefined index: curp in C:\NominaW\View\index.php on line 8
[26-Jun-2022 18:47:54 UTC] PHP Notice:  Undefined index: IdDepto in C:\NominaW\View\index.php on line 19
[26-Jun-2022 18:47:54 UTC] PHP Notice:  Undefined index: nameImgPer in C:\NominaW\View\index.php on line 90
[26-Jun-2022 18:47:54 UTC] PHP Notice:  Undefined index: curp in C:\NominaW\View\index.php on line 140
[26-Jun-2022 18:47:54 UTC] PHP Notice:  Undefined index: Autoriza in C:\NominaW\View\index.php on line 141
[26-Jun-2022 18:47:54 UTC] PHP Notice:  Undefined index: VacTotal in C:\NominaW\View\index.php on line 142
[26-Jun-2022 18:47:54 UTC] PHP Notice:  Undefined index: VacTomadas in C:\NominaW\View\index.php on line 143
[26-Jun-2022 18:47:54 UTC] PHP Notice:  Undefined index: nameImg in C:\NominaW\View\index.php on line 144
[26-Jun-2022 18:47:54 UTC] PHP Notice:  Undefined index: nameImgPer in C:\NominaW\View\index.php on line 145
[26-Jun-2022 18:47:54 UTC] PHP Notice:  Undefined index: nameImg in C:\NominaW\View\index.php on line 1605
[26-Jun-2022 18:47:54 UTC] PHP Notice:  Undefined index: nameImg in C:\NominaW\View\index.php on line 1607
[27-Jun-2022 18:50:53 UTC] PHP Notice:  Undefined index: Autoriza in C:\NominaW\View\index.php on line 8
[27-Jun-2022 18:50:53 UTC] PHP Notice:  Undefined index: curp in C:\NominaW\View\index.php on line 8
[27-Jun-2022 18:50:53 UTC] PHP Notice:  Undefined index: IdDepto in C:\NominaW\View\index.php on line 19
[27-Jun-2022 18:50:53 UTC] PHP Notice:  Undefined index: nameImgPer in C:\NominaW\View\index.php on line 90
[27-Jun-2022 18:50:53 UTC] PHP Notice:  Undefined index: curp in C:\NominaW\View\index.php on line 140
[27-Jun-2022 18:50:53 UTC] PHP Notice:  Undefined index: Autoriza in C:\NominaW\View\index.php on line 141
[27-Jun-2022 18:50:53 UTC] PHP Notice:  Undefined index: VacTotal in C:\NominaW\View\index.php on line 142
[27-Jun-2022 18:50:53 UTC] PHP Notice:  Undefined index: VacTomadas in C:\NominaW\View\index.php on line 143
[27-Jun-2022 18:50:53 UTC] PHP Notice:  Undefined index: nameImg in C:\NominaW\View\index.php on line 144
[27-Jun-2022 18:50:53 UTC] PHP Notice:  Undefined index: nameImgPer in C:\NominaW\View\index.php on line 145
[27-Jun-2022 18:50:53 UTC] PHP Notice:  Undefined index: nameImg in C:\NominaW\View\index.php on line 1605
[27-Jun-2022 18:50:53 UTC] PHP Notice:  Undefined index: nameImg in C:\NominaW\View\index.php on line 1607
[27-Jun-2022 23:35:08 UTC] PHP Notice:  Undefined index: Autoriza in C:\NominaW\View\index.php on line 8
[27-Jun-2022 23:35:08 UTC] PHP Notice:  Undefined index: curp in C:\NominaW\View\index.php on line 8
[27-Jun-2022 23:35:08 UTC] PHP Notice:  Undefined index: IdDepto in C:\NominaW\View\index.php on line 19
[27-Jun-2022 23:35:08 UTC] PHP Notice:  Undefined index: nameImgPer in C:\NominaW\View\index.php on line 90
[27-Jun-2022 23:35:08 UTC] PHP Notice:  Undefined index: curp in C:\NominaW\View\index.php on line 140
[27-Jun-2022 23:35:08 UTC] PHP Notice:  Undefined index: Autoriza in C:\NominaW\View\index.php on line 141
[27-Jun-2022 23:35:08 UTC] PHP Notice:  Undefined index: VacTotal in C:\NominaW\View\index.php on line 142
[27-Jun-2022 23:35:08 UTC] PHP Notice:  Undefined index: VacTomadas in C:\NominaW\View\index.php on line 143
[27-Jun-2022 23:35:08 UTC] PHP Notice:  Undefined index: nameImg in C:\NominaW\View\index.php on line 144
[27-Jun-2022 23:35:08 UTC] PHP Notice:  Undefined index: nameImgPer in C:\NominaW\View\index.php on line 145
[27-Jun-2022 23:35:08 UTC] PHP Notice:  Undefined index: nameImg in C:\NominaW\View\index.php on line 1605
[27-Jun-2022 23:35:08 UTC] PHP Notice:  Undefined index: nameImg in C:\NominaW\View\index.php on line 1607
[27-Jun-2022 23:35:16 UTC] PHP Notice:  Undefined index: Autoriza in C:\NominaW\View\index.php on line 8
[27-Jun-2022 23:35:16 UTC] PHP Notice:  Undefined index: curp in C:\NominaW\View\index.php on line 8
[27-Jun-2022 23:35:16 UTC] PHP Notice:  Undefined index: IdDepto in C:\NominaW\View\index.php on line 19
[27-Jun-2022 23:35:16 UTC] PHP Notice:  Undefined index: nameImgPer in C:\NominaW\View\index.php on line 90
[27-Jun-2022 23:35:16 UTC] PHP Notice:  Undefined index: curp in C:\NominaW\View\index.php on line 140
[27-Jun-2022 23:35:16 UTC] PHP Notice:  Undefined index: Autoriza in C:\NominaW\View\index.php on line 141
[27-Jun-2022 23:35:16 UTC] PHP Notice:  Undefined index: VacTotal in C:\NominaW\View\index.php on line 142
[27-Jun-2022 23:35:16 UTC] PHP Notice:  Undefined index: VacTomadas in C:\NominaW\View\index.php on line 143
[27-Jun-2022 23:35:16 UTC] PHP Notice:  Undefined index: nameImg in C:\NominaW\View\index.php on line 144
[27-Jun-2022 23:35:16 UTC] PHP Notice:  Undefined index: nameImgPer in C:\NominaW\View\index.php on line 145
[27-Jun-2022 23:35:16 UTC] PHP Notice:  Undefined index: nameImg in C:\NominaW\View\index.php on line 1605
[27-Jun-2022 23:35:16 UTC] PHP Notice:  Undefined index: nameImg in C:\NominaW\View\index.php on line 1607
[30-Jun-2022 04:29:54 UTC] PHP Notice:  Undefined index: Autoriza in C:\NominaW\View\index.php on line 8
[30-Jun-2022 04:29:54 UTC] PHP Notice:  Undefined index: curp in C:\NominaW\View\index.php on line 8
[30-Jun-2022 04:29:54 UTC] PHP Notice:  Undefined index: IdDepto in C:\NominaW\View\index.php on line 19
[30-Jun-2022 04:29:54 UTC] PHP Notice:  Undefined index: nameImgPer in C:\NominaW\View\index.php on line 90
[30-Jun-2022 04:29:54 UTC] PHP Notice:  Undefined index: curp in C:\NominaW\View\index.php on line 140
[30-Jun-2022 04:29:54 UTC] PHP Notice:  Undefined index: Autoriza in C:\NominaW\View\index.php on line 141
[30-Jun-2022 04:29:54 UTC] PHP Notice:  Undefined index: VacTotal in C:\NominaW\View\index.php on line 142
[30-Jun-2022 04:29:54 UTC] PHP Notice:  Undefined index: VacTomadas in C:\NominaW\View\index.php on line 143
[30-Jun-2022 04:29:54 UTC] PHP Notice:  Undefined index: nameImg in C:\NominaW\View\index.php on line 144
[30-Jun-2022 04:29:54 UTC] PHP Notice:  Undefined index: nameImgPer in C:\NominaW\View\index.php on line 145
[30-Jun-2022 04:29:54 UTC] PHP Notice:  Undefined index: nameImg in C:\NominaW\View\index.php on line 1605
[30-Jun-2022 04:29:54 UTC] PHP Notice:  Undefined index: nameImg in C:\NominaW\View\index.php on line 1607
[30-Jun-2022 04:30:25 UTC] PHP Notice:  Undefined index: Autoriza in C:\NominaW\View\index.php on line 8
[30-Jun-2022 04:30:25 UTC] PHP Notice:  Undefined index: curp in C:\NominaW\View\index.php on line 8
[30-Jun-2022 04:30:25 UTC] PHP Notice:  Undefined index: IdDepto in C:\NominaW\View\index.php on line 19
[30-Jun-2022 04:30:25 UTC] PHP Notice:  Undefined index: nameImgPer in C:\NominaW\View\index.php on line 90
[30-Jun-2022 04:30:25 UTC] PHP Notice:  Undefined index: curp in C:\NominaW\View\index.php on line 140
[30-Jun-2022 04:30:25 UTC] PHP Notice:  Undefined index: Autoriza in C:\NominaW\View\index.php on line 141
[30-Jun-2022 04:30:25 UTC] PHP Notice:  Undefined index: VacTotal in C:\NominaW\View\index.php on line 142
[30-Jun-2022 04:30:25 UTC] PHP Notice:  Undefined index: VacTomadas in C:\NominaW\View\index.php on line 143
[30-Jun-2022 04:30:25 UTC] PHP Notice:  Undefined index: nameImg in C:\NominaW\View\index.php on line 144
[30-Jun-2022 04:30:25 UTC] PHP Notice:  Undefined index: nameImgPer in C:\NominaW\View\index.php on line 145
[30-Jun-2022 04:30:25 UTC] PHP Notice:  Undefined index: nameImg in C:\NominaW\View\index.php on line 1605
[30-Jun-2022 04:30:25 UTC] PHP Notice:  Undefined index: nameImg in C:\NominaW\View\index.php on line 1607
[01-Jul-2022 08:56:24 UTC] PHP Notice:  Undefined index: Autoriza in C:\NominaW\View\index.php on line 8
[01-Jul-2022 08:56:24 UTC] PHP Notice:  Undefined index: curp in C:\NominaW\View\index.php on line 8
[01-Jul-2022 08:56:24 UTC] PHP Notice:  Undefined index: IdDepto in C:\NominaW\View\index.php on line 19
[01-Jul-2022 08:56:24 UTC] PHP Notice:  Undefined index: nameImgPer in C:\NominaW\View\index.php on line 90
[01-Jul-2022 08:56:24 UTC] PHP Notice:  Undefined index: curp in C:\NominaW\View\index.php on line 140
[01-Jul-2022 08:56:24 UTC] PHP Notice:  Undefined index: Autoriza in C:\NominaW\View\index.php on line 141
[01-Jul-2022 08:56:24 UTC] PHP Notice:  Undefined index: VacTotal in C:\NominaW\View\index.php on line 142
[01-Jul-2022 08:56:24 UTC] PHP Notice:  Undefined index: VacTomadas in C:\NominaW\View\index.php on line 143
[01-Jul-2022 08:56:24 UTC] PHP Notice:  Undefined index: nameImg in C:\NominaW\View\index.php on line 144
[01-Jul-2022 08:56:24 UTC] PHP Notice:  Undefined index: nameImgPer in C:\NominaW\View\index.php on line 145
[01-Jul-2022 08:56:24 UTC] PHP Notice:  Undefined index: nameImg in C:\NominaW\View\index.php on line 1605
[01-Jul-2022 08:56:24 UTC] PHP Notice:  Undefined index: nameImg in C:\NominaW\View\index.php on line 1607
[01-Jul-2022 08:56:28 UTC] PHP Notice:  Undefined index: Autoriza in C:\NominaW\View\index.php on line 8
[01-Jul-2022 08:56:28 UTC] PHP Notice:  Undefined index: curp in C:\NominaW\View\index.php on line 8
[01-Jul-2022 08:56:28 UTC] PHP Notice:  Undefined index: IdDepto in C:\NominaW\View\index.php on line 19
[01-Jul-2022 08:56:28 UTC] PHP Notice:  Undefined index: nameImgPer in C:\NominaW\View\index.php on line 90
[01-Jul-2022 08:56:28 UTC] PHP Notice:  Undefined index: curp in C:\NominaW\View\index.php on line 140
[01-Jul-2022 08:56:28 UTC] PHP Notice:  Undefined index: Autoriza in C:\NominaW\View\index.php on line 141
[01-Jul-2022 08:56:28 UTC] PHP Notice:  Undefined index: VacTotal in C:\NominaW\View\index.php on line 142
[01-Jul-2022 08:56:28 UTC] PHP Notice:  Undefined index: VacTomadas in C:\NominaW\View\index.php on line 143
[01-Jul-2022 08:56:28 UTC] PHP Notice:  Undefined index: nameImg in C:\NominaW\View\index.php on line 144
[01-Jul-2022 08:56:28 UTC] PHP Notice:  Undefined index: nameImgPer in C:\NominaW\View\index.php on line 145
[01-Jul-2022 08:56:28 UTC] PHP Notice:  Undefined index: nameImg in C:\NominaW\View\index.php on line 1605
[01-Jul-2022 08:56:28 UTC] PHP Notice:  Undefined index: nameImg in C:\NominaW\View\index.php on line 1607
[01-Jul-2022 08:56:47 UTC] PHP Notice:  Undefined index: Autoriza in C:\NominaW\View\index.php on line 8
[01-Jul-2022 08:56:47 UTC] PHP Notice:  Undefined index: curp in C:\NominaW\View\index.php on line 8
[01-Jul-2022 08:56:47 UTC] PHP Notice:  Undefined index: IdDepto in C:\NominaW\View\index.php on line 19
[01-Jul-2022 08:56:47 UTC] PHP Notice:  Undefined index: nameImgPer in C:\NominaW\View\index.php on line 90
[01-Jul-2022 08:56:47 UTC] PHP Notice:  Undefined index: curp in C:\NominaW\View\index.php on line 140
[01-Jul-2022 08:56:47 UTC] PHP Notice:  Undefined index: Autoriza in C:\NominaW\View\index.php on line 141
[01-Jul-2022 08:56:47 UTC] PHP Notice:  Undefined index: VacTotal in C:\NominaW\View\index.php on line 142
[01-Jul-2022 08:56:47 UTC] PHP Notice:  Undefined index: VacTomadas in C:\NominaW\View\index.php on line 143
[01-Jul-2022 08:56:47 UTC] PHP Notice:  Undefined index: nameImg in C:\NominaW\View\index.php on line 144
[01-Jul-2022 08:56:47 UTC] PHP Notice:  Undefined index: nameImgPer in C:\NominaW\View\index.php on line 145
[01-Jul-2022 08:56:47 UTC] PHP Notice:  Undefined index: nameImg in C:\NominaW\View\index.php on line 1605
[01-Jul-2022 08:56:47 UTC] PHP Notice:  Undefined index: nameImg in C:\NominaW\View\index.php on line 1607
[05-Jul-2022 11:35:27 UTC] PHP Notice:  Undefined index: Autoriza in C:\NominaW\View\index.php on line 8
[05-Jul-2022 11:35:27 UTC] PHP Notice:  Undefined index: curp in C:\NominaW\View\index.php on line 8
[05-Jul-2022 11:35:27 UTC] PHP Notice:  Undefined index: IdDepto in C:\NominaW\View\index.php on line 19
[05-Jul-2022 11:35:27 UTC] PHP Notice:  Undefined index: nameImgPer in C:\NominaW\View\index.php on line 90
[05-Jul-2022 11:35:27 UTC] PHP Notice:  Undefined index: curp in C:\NominaW\View\index.php on line 140
[05-Jul-2022 11:35:27 UTC] PHP Notice:  Undefined index: Autoriza in C:\NominaW\View\index.php on line 141
[05-Jul-2022 11:35:27 UTC] PHP Notice:  Undefined index: VacTotal in C:\NominaW\View\index.php on line 142
[05-Jul-2022 11:35:27 UTC] PHP Notice:  Undefined index: VacTomadas in C:\NominaW\View\index.php on line 143
[05-Jul-2022 11:35:27 UTC] PHP Notice:  Undefined index: nameImg in C:\NominaW\View\index.php on line 144
[05-Jul-2022 11:35:27 UTC] PHP Notice:  Undefined index: nameImgPer in C:\NominaW\View\index.php on line 145
[05-Jul-2022 11:35:27 UTC] PHP Notice:  Undefined index: nameImg in C:\NominaW\View\index.php on line 1605
[05-Jul-2022 11:35:27 UTC] PHP Notice:  Undefined index: nameImg in C:\NominaW\View\index.php on line 1607
[05-Jul-2022 11:35:31 UTC] PHP Notice:  Undefined index: Autoriza in C:\NominaW\View\index.php on line 8
[05-Jul-2022 11:35:31 UTC] PHP Notice:  Undefined index: curp in C:\NominaW\View\index.php on line 8
[05-Jul-2022 11:35:31 UTC] PHP Notice:  Undefined index: IdDepto in C:\NominaW\View\index.php on line 19
[05-Jul-2022 11:35:31 UTC] PHP Notice:  Undefined index: nameImgPer in C:\NominaW\View\index.php on line 90
[05-Jul-2022 11:35:31 UTC] PHP Notice:  Undefined index: curp in C:\NominaW\View\index.php on line 140
[05-Jul-2022 11:35:31 UTC] PHP Notice:  Undefined index: Autoriza in C:\NominaW\View\index.php on line 141
[05-Jul-2022 11:35:31 UTC] PHP Notice:  Undefined index: VacTotal in C:\NominaW\View\index.php on line 142
[05-Jul-2022 11:35:31 UTC] PHP Notice:  Undefined index: VacTomadas in C:\NominaW\View\index.php on line 143
[05-Jul-2022 11:35:31 UTC] PHP Notice:  Undefined index: nameImg in C:\NominaW\View\index.php on line 144
[05-Jul-2022 11:35:31 UTC] PHP Notice:  Undefined index: nameImgPer in C:\NominaW\View\index.php on line 145
[05-Jul-2022 11:35:31 UTC] PHP Notice:  Undefined index: nameImg in C:\NominaW\View\index.php on line 1605
[05-Jul-2022 11:35:31 UTC] PHP Notice:  Undefined index: nameImg in C:\NominaW\View\index.php on line 1607
[05-Jul-2022 11:35:54 UTC] PHP Notice:  Undefined index: Autoriza in C:\NominaW\View\index.php on line 8
[05-Jul-2022 11:35:54 UTC] PHP Notice:  Undefined index: curp in C:\NominaW\View\index.php on line 8
[05-Jul-2022 11:35:54 UTC] PHP Notice:  Undefined index: IdDepto in C:\NominaW\View\index.php on line 19
[05-Jul-2022 11:35:54 UTC] PHP Notice:  Undefined index: nameImgPer in C:\NominaW\View\index.php on line 90
[05-Jul-2022 11:35:54 UTC] PHP Notice:  Undefined index: curp in C:\NominaW\View\index.php on line 140
[05-Jul-2022 11:35:54 UTC] PHP Notice:  Undefined index: Autoriza in C:\NominaW\View\index.php on line 141
[05-Jul-2022 11:35:54 UTC] PHP Notice:  Undefined index: VacTotal in C:\NominaW\View\index.php on line 142
[05-Jul-2022 11:35:54 UTC] PHP Notice:  Undefined index: VacTomadas in C:\NominaW\View\index.php on line 143
[05-Jul-2022 11:35:54 UTC] PHP Notice:  Undefined index: nameImg in C:\NominaW\View\index.php on line 144
[05-Jul-2022 11:35:54 UTC] PHP Notice:  Undefined index: nameImgPer in C:\NominaW\View\index.php on line 145
[05-Jul-2022 11:35:54 UTC] PHP Notice:  Undefined index: nameImg in C:\NominaW\View\index.php on line 1605
[05-Jul-2022 11:35:54 UTC] PHP Notice:  Undefined index: nameImg in C:\NominaW\View\index.php on line 1607
[05-Jul-2022 13:42:47 UTC] PHP Notice:  Undefined index: Autoriza in C:\NominaW\View\index.php on line 8
[05-Jul-2022 13:42:47 UTC] PHP Notice:  Undefined index: curp in C:\NominaW\View\index.php on line 8
[05-Jul-2022 13:42:47 UTC] PHP Notice:  Undefined index: IdDepto in C:\NominaW\View\index.php on line 19
[05-Jul-2022 13:42:47 UTC] PHP Notice:  Undefined index: nameImgPer in C:\NominaW\View\index.php on line 90
[05-Jul-2022 13:42:47 UTC] PHP Notice:  Undefined index: curp in C:\NominaW\View\index.php on line 140
[05-Jul-2022 13:42:47 UTC] PHP Notice:  Undefined index: Autoriza in C:\NominaW\View\index.php on line 141
[05-Jul-2022 13:42:47 UTC] PHP Notice:  Undefined index: VacTotal in C:\NominaW\View\index.php on line 142
[05-Jul-2022 13:42:47 UTC] PHP Notice:  Undefined index: VacTomadas in C:\NominaW\View\index.php on line 143
[05-Jul-2022 13:42:47 UTC] PHP Notice:  Undefined index: nameImg in C:\NominaW\View\index.php on line 144
[05-Jul-2022 13:42:47 UTC] PHP Notice:  Undefined index: nameImgPer in C:\NominaW\View\index.php on line 145
[05-Jul-2022 13:42:47 UTC] PHP Notice:  Undefined index: nameImg in C:\NominaW\View\index.php on line 1605
[05-Jul-2022 13:42:47 UTC] PHP Notice:  Undefined index: nameImg in C:\NominaW\View\index.php on line 1607
[05-Jul-2022 15:55:35 UTC] PHP Notice:  Undefined index: Autoriza in C:\NominaW\View\index.php on line 8
[05-Jul-2022 15:55:35 UTC] PHP Notice:  Undefined index: curp in C:\NominaW\View\index.php on line 8
[05-Jul-2022 15:55:35 UTC] PHP Notice:  Undefined index: IdDepto in C:\NominaW\View\index.php on line 19
[05-Jul-2022 15:55:35 UTC] PHP Notice:  Undefined index: nameImgPer in C:\NominaW\View\index.php on line 90
[05-Jul-2022 15:55:35 UTC] PHP Notice:  Undefined index: curp in C:\NominaW\View\index.php on line 140
[05-Jul-2022 15:55:35 UTC] PHP Notice:  Undefined index: Autoriza in C:\NominaW\View\index.php on line 141
[05-Jul-2022 15:55:35 UTC] PHP Notice:  Undefined index: VacTotal in C:\NominaW\View\index.php on line 142
[05-Jul-2022 15:55:35 UTC] PHP Notice:  Undefined index: VacTomadas in C:\NominaW\View\index.php on line 143
[05-Jul-2022 15:55:35 UTC] PHP Notice:  Undefined index: nameImg in C:\NominaW\View\index.php on line 144
[05-Jul-2022 15:55:35 UTC] PHP Notice:  Undefined index: nameImgPer in C:\NominaW\View\index.php on line 145
[05-Jul-2022 15:55:35 UTC] PHP Notice:  Undefined index: nameImg in C:\NominaW\View\index.php on line 1605
[05-Jul-2022 15:55:35 UTC] PHP Notice:  Undefined index: nameImg in C:\NominaW\View\index.php on line 1607
[05-Jul-2022 15:58:20 UTC] PHP Notice:  Undefined index: Autoriza in C:\NominaW\View\index.php on line 8
[05-Jul-2022 15:58:20 UTC] PHP Notice:  Undefined index: curp in C:\NominaW\View\index.php on line 8
[05-Jul-2022 15:58:20 UTC] PHP Notice:  Undefined index: IdDepto in C:\NominaW\View\index.php on line 19
[05-Jul-2022 15:58:20 UTC] PHP Notice:  Undefined index: nameImgPer in C:\NominaW\View\index.php on line 90
[05-Jul-2022 15:58:20 UTC] PHP Notice:  Undefined index: curp in C:\NominaW\View\index.php on line 140
[05-Jul-2022 15:58:20 UTC] PHP Notice:  Undefined index: Autoriza in C:\NominaW\View\index.php on line 141
[05-Jul-2022 15:58:20 UTC] PHP Notice:  Undefined index: VacTotal in C:\NominaW\View\index.php on line 142
[05-Jul-2022 15:58:20 UTC] PHP Notice:  Undefined index: VacTomadas in C:\NominaW\View\index.php on line 143
[05-Jul-2022 15:58:20 UTC] PHP Notice:  Undefined index: nameImg in C:\NominaW\View\index.php on line 144
[05-Jul-2022 15:58:20 UTC] PHP Notice:  Undefined index: nameImgPer in C:\NominaW\View\index.php on line 145
[05-Jul-2022 15:58:20 UTC] PHP Notice:  Undefined index: nameImg in C:\NominaW\View\index.php on line 1605
[05-Jul-2022 15:58:20 UTC] PHP Notice:  Undefined index: nameImg in C:\NominaW\View\index.php on line 1607
[05-Jul-2022 17:41:17 UTC] PHP Notice:  Undefined index: Autoriza in C:\NominaW\View\index.php on line 8
[05-Jul-2022 17:41:17 UTC] PHP Notice:  Undefined index: curp in C:\NominaW\View\index.php on line 8
[05-Jul-2022 17:41:17 UTC] PHP Notice:  Undefined index: IdDepto in C:\NominaW\View\index.php on line 19
[05-Jul-2022 17:41:17 UTC] PHP Notice:  Undefined index: nameImgPer in C:\NominaW\View\index.php on line 90
[05-Jul-2022 17:41:17 UTC] PHP Notice:  Undefined index: curp in C:\NominaW\View\index.php on line 140
[05-Jul-2022 17:41:17 UTC] PHP Notice:  Undefined index: Autoriza in C:\NominaW\View\index.php on line 141
[05-Jul-2022 17:41:17 UTC] PHP Notice:  Undefined index: VacTotal in C:\NominaW\View\index.php on line 142
[05-Jul-2022 17:41:17 UTC] PHP Notice:  Undefined index: VacTomadas in C:\NominaW\View\index.php on line 143
[05-Jul-2022 17:41:17 UTC] PHP Notice:  Undefined index: nameImg in C:\NominaW\View\index.php on line 144
[05-Jul-2022 17:41:17 UTC] PHP Notice:  Undefined index: nameImgPer in C:\NominaW\View\index.php on line 145
[05-Jul-2022 17:41:17 UTC] PHP Notice:  Undefined index: nameImg in C:\NominaW\View\index.php on line 1605
[05-Jul-2022 17:41:17 UTC] PHP Notice:  Undefined index: nameImg in C:\NominaW\View\index.php on line 1607
[09-Jul-2022 03:37:21 UTC] PHP Notice:  Undefined index: Autoriza in C:\NominaW\View\index.php on line 8
[09-Jul-2022 03:37:21 UTC] PHP Notice:  Undefined index: curp in C:\NominaW\View\index.php on line 8
[09-Jul-2022 03:37:21 UTC] PHP Notice:  Undefined index: IdDepto in C:\NominaW\View\index.php on line 19
[09-Jul-2022 03:37:21 UTC] PHP Notice:  Undefined index: nameImgPer in C:\NominaW\View\index.php on line 90
[09-Jul-2022 03:37:21 UTC] PHP Notice:  Undefined index: curp in C:\NominaW\View\index.php on line 140
[09-Jul-2022 03:37:21 UTC] PHP Notice:  Undefined index: Autoriza in C:\NominaW\View\index.php on line 141
[09-Jul-2022 03:37:21 UTC] PHP Notice:  Undefined index: VacTotal in C:\NominaW\View\index.php on line 142
[09-Jul-2022 03:37:21 UTC] PHP Notice:  Undefined index: VacTomadas in C:\NominaW\View\index.php on line 143
[09-Jul-2022 03:37:21 UTC] PHP Notice:  Undefined index: nameImg in C:\NominaW\View\index.php on line 144
[09-Jul-2022 03:37:21 UTC] PHP Notice:  Undefined index: nameImgPer in C:\NominaW\View\index.php on line 145
[09-Jul-2022 03:37:21 UTC] PHP Notice:  Undefined index: nameImg in C:\NominaW\View\index.php on line 1605
[09-Jul-2022 03:37:21 UTC] PHP Notice:  Undefined index: nameImg in C:\NominaW\View\index.php on line 1607
[09-Jul-2022 03:37:28 UTC] PHP Notice:  Undefined index: Autoriza in C:\NominaW\View\index.php on line 8
[09-Jul-2022 03:37:28 UTC] PHP Notice:  Undefined index: curp in C:\NominaW\View\index.php on line 8
[09-Jul-2022 03:37:28 UTC] PHP Notice:  Undefined index: IdDepto in C:\NominaW\View\index.php on line 19
[09-Jul-2022 03:37:28 UTC] PHP Notice:  Undefined index: nameImgPer in C:\NominaW\View\index.php on line 90
[09-Jul-2022 03:37:28 UTC] PHP Notice:  Undefined index: curp in C:\NominaW\View\index.php on line 140
[09-Jul-2022 03:37:28 UTC] PHP Notice:  Undefined index: Autoriza in C:\NominaW\View\index.php on line 141
[09-Jul-2022 03:37:28 UTC] PHP Notice:  Undefined index: VacTotal in C:\NominaW\View\index.php on line 142
[09-Jul-2022 03:37:28 UTC] PHP Notice:  Undefined index: VacTomadas in C:\NominaW\View\index.php on line 143
[09-Jul-2022 03:37:28 UTC] PHP Notice:  Undefined index: nameImg in C:\NominaW\View\index.php on line 144
[09-Jul-2022 03:37:28 UTC] PHP Notice:  Undefined index: nameImgPer in C:\NominaW\View\index.php on line 145
[09-Jul-2022 03:37:28 UTC] PHP Notice:  Undefined index: nameImg in C:\NominaW\View\index.php on line 1605
[09-Jul-2022 03:37:28 UTC] PHP Notice:  Undefined index: nameImg in C:\NominaW\View\index.php on line 1607
[09-Jul-2022 03:37:43 UTC] PHP Notice:  Undefined index: Autoriza in C:\NominaW\View\index.php on line 8
[09-Jul-2022 03:37:43 UTC] PHP Notice:  Undefined index: curp in C:\NominaW\View\index.php on line 8
[09-Jul-2022 03:37:43 UTC] PHP Notice:  Undefined index: IdDepto in C:\NominaW\View\index.php on line 19
[09-Jul-2022 03:37:43 UTC] PHP Notice:  Undefined index: nameImgPer in C:\NominaW\View\index.php on line 90
[09-Jul-2022 03:37:43 UTC] PHP Notice:  Undefined index: curp in C:\NominaW\View\index.php on line 140
[09-Jul-2022 03:37:43 UTC] PHP Notice:  Undefined index: Autoriza in C:\NominaW\View\index.php on line 141
[09-Jul-2022 03:37:43 UTC] PHP Notice:  Undefined index: VacTotal in C:\NominaW\View\index.php on line 142
[09-Jul-2022 03:37:43 UTC] PHP Notice:  Undefined index: VacTomadas in C:\NominaW\View\index.php on line 143
[09-Jul-2022 03:37:43 UTC] PHP Notice:  Undefined index: nameImg in C:\NominaW\View\index.php on line 144
[09-Jul-2022 03:37:43 UTC] PHP Notice:  Undefined index: nameImgPer in C:\NominaW\View\index.php on line 145
[09-Jul-2022 03:37:43 UTC] PHP Notice:  Undefined index: nameImg in C:\NominaW\View\index.php on line 1605
[09-Jul-2022 03:37:43 UTC] PHP Notice:  Undefined index: nameImg in C:\NominaW\View\index.php on line 1607
[12-Jul-2022 05:47:38 UTC] PHP Notice:  Undefined index: Autoriza in C:\NominaW\View\index.php on line 8
[12-Jul-2022 05:47:38 UTC] PHP Notice:  Undefined index: curp in C:\NominaW\View\index.php on line 8
[12-Jul-2022 05:47:38 UTC] PHP Notice:  Undefined index: IdDepto in C:\NominaW\View\index.php on line 19
[12-Jul-2022 05:47:38 UTC] PHP Notice:  Undefined index: nameImgPer in C:\NominaW\View\index.php on line 90
[12-Jul-2022 05:47:38 UTC] PHP Notice:  Undefined index: curp in C:\NominaW\View\index.php on line 140
[12-Jul-2022 05:47:38 UTC] PHP Notice:  Undefined index: Autoriza in C:\NominaW\View\index.php on line 141
[12-Jul-2022 05:47:38 UTC] PHP Notice:  Undefined index: VacTotal in C:\NominaW\View\index.php on line 142
[12-Jul-2022 05:47:38 UTC] PHP Notice:  Undefined index: VacTomadas in C:\NominaW\View\index.php on line 143
[12-Jul-2022 05:47:38 UTC] PHP Notice:  Undefined index: nameImg in C:\NominaW\View\index.php on line 144
[12-Jul-2022 05:47:38 UTC] PHP Notice:  Undefined index: nameImgPer in C:\NominaW\View\index.php on line 145
[12-Jul-2022 05:47:38 UTC] PHP Notice:  Undefined index: nameImg in C:\NominaW\View\index.php on line 1605
[12-Jul-2022 05:47:38 UTC] PHP Notice:  Undefined index: nameImg in C:\NominaW\View\index.php on line 1607
[12-Jul-2022 05:47:51 UTC] PHP Notice:  Undefined index: Autoriza in C:\NominaW\View\index.php on line 8
[12-Jul-2022 05:47:51 UTC] PHP Notice:  Undefined index: curp in C:\NominaW\View\index.php on line 8
[12-Jul-2022 05:47:51 UTC] PHP Notice:  Undefined index: IdDepto in C:\NominaW\View\index.php on line 19
[12-Jul-2022 05:47:51 UTC] PHP Notice:  Undefined index: nameImgPer in C:\NominaW\View\index.php on line 90
[12-Jul-2022 05:47:51 UTC] PHP Notice:  Undefined index: curp in C:\NominaW\View\index.php on line 140
[12-Jul-2022 05:47:51 UTC] PHP Notice:  Undefined index: Autoriza in C:\NominaW\View\index.php on line 141
[12-Jul-2022 05:47:51 UTC] PHP Notice:  Undefined index: VacTotal in C:\NominaW\View\index.php on line 142
[12-Jul-2022 05:47:51 UTC] PHP Notice:  Undefined index: VacTomadas in C:\NominaW\View\index.php on line 143
[12-Jul-2022 05:47:51 UTC] PHP Notice:  Undefined index: nameImg in C:\NominaW\View\index.php on line 144
[12-Jul-2022 05:47:51 UTC] PHP Notice:  Undefined index: nameImgPer in C:\NominaW\View\index.php on line 145
[12-Jul-2022 05:47:51 UTC] PHP Notice:  Undefined index: nameImg in C:\NominaW\View\index.php on line 1605
[12-Jul-2022 05:47:51 UTC] PHP Notice:  Undefined index: nameImg in C:\NominaW\View\index.php on line 1607
[12-Jul-2022 05:48:31 UTC] PHP Notice:  Undefined index: Autoriza in C:\NominaW\View\index.php on line 8
[12-Jul-2022 05:48:31 UTC] PHP Notice:  Undefined index: curp in C:\NominaW\View\index.php on line 8
[12-Jul-2022 05:48:31 UTC] PHP Notice:  Undefined index: IdDepto in C:\NominaW\View\index.php on line 19
[12-Jul-2022 05:48:31 UTC] PHP Notice:  Undefined index: nameImgPer in C:\NominaW\View\index.php on line 90
[12-Jul-2022 05:48:31 UTC] PHP Notice:  Undefined index: curp in C:\NominaW\View\index.php on line 140
[12-Jul-2022 05:48:31 UTC] PHP Notice:  Undefined index: Autoriza in C:\NominaW\View\index.php on line 141
[12-Jul-2022 05:48:31 UTC] PHP Notice:  Undefined index: VacTotal in C:\NominaW\View\index.php on line 142
[12-Jul-2022 05:48:31 UTC] PHP Notice:  Undefined index: VacTomadas in C:\NominaW\View\index.php on line 143
[12-Jul-2022 05:48:31 UTC] PHP Notice:  Undefined index: nameImg in C:\NominaW\View\index.php on line 144
[12-Jul-2022 05:48:31 UTC] PHP Notice:  Undefined index: nameImgPer in C:\NominaW\View\index.php on line 145
[12-Jul-2022 05:48:31 UTC] PHP Notice:  Undefined index: nameImg in C:\NominaW\View\index.php on line 1605
[12-Jul-2022 05:48:31 UTC] PHP Notice:  Undefined index: nameImg in C:\NominaW\View\index.php on line 1607
