[14-May-2022 21:23:32 UTC] PHP Warning:  sqlsrv_query() expects parameter 1 to be resource, bool given in C:\NominaW\ClsMsSql.php on line 265
[14-May-2022 21:23:32 UTC] PHP Warning:  sqlsrv_fetch_array() expects parameter 1 to be resource, bool given in C:\NominaW\ClsMsSql.php on line 269
[14-May-2022 21:23:32 UTC] PHP Warning:  sqlsrv_free_stmt() expects parameter 1 to be resource, bool given in C:\NominaW\ClsMsSql.php on line 273
[20-May-2022 17:10:47 UTC] PHP Notice:  Undefined index: opc in C:\NominaW\Ctr\ctrLogin.php on line 15
[20-May-2022 19:56:30 UTC] PHP Notice:  Undefined index: opc in C:\NominaW\Ctr\ctrLogin.php on line 15
[20-May-2022 19:57:01 UTC] PHP Notice:  Undefined index: opc in C:\NominaW\Ctr\ctrLogin.php on line 15
[20-May-2022 20:38:14 UTC] PHP Notice:  Undefined index: opc in C:\NominaW\Ctr\ctrLogin.php on line 15
[21-May-2022 02:05:24 UTC] PHP Notice:  Undefined index: opc in C:\NominaW\Ctr\ctrLogin.php on line 15
[23-May-2022 16:33:22 UTC] PHP Notice:  Undefined index: opc in C:\NominaW\Ctr\ctrLogin.php on line 15
[23-May-2022 16:34:23 UTC] PHP Notice:  Undefined index: opc in C:\NominaW\Ctr\ctrLogin.php on line 15
[23-May-2022 16:42:14 UTC] PHP Notice:  Undefined index: opc in C:\NominaW\Ctr\ctrLogin.php on line 15
[23-May-2022 16:52:41 UTC] PHP Notice:  Undefined index: opc in C:\NominaW\Ctr\ctrLogin.php on line 15
[23-May-2022 16:57:55 UTC] PHP Notice:  Undefined index: opc in C:\NominaW\Ctr\ctrLogin.php on line 15
[23-May-2022 16:58:15 UTC] PHP Notice:  Undefined index: opc in C:\NominaW\Ctr\ctrLogin.php on line 15
[23-May-2022 17:14:51 UTC] PHP Notice:  Undefined index: opc in C:\NominaW\Ctr\ctrLogin.php on line 15
[23-May-2022 17:22:49 UTC] PHP Notice:  Undefined index: opc in C:\NominaW\Ctr\ctrLogin.php on line 15
[23-May-2022 17:38:50 UTC] PHP Notice:  Undefined index: opc in C:\NominaW\Ctr\ctrLogin.php on line 15
[23-May-2022 17:39:14 UTC] PHP Notice:  Undefined index: opc in C:\NominaW\Ctr\ctrLogin.php on line 15
[23-May-2022 18:19:05 UTC] PHP Notice:  Undefined index: opc in C:\NominaW\Ctr\ctrLogin.php on line 15
[24-May-2022 15:08:32 UTC] PHP Notice:  Undefined index: opc in C:\NominaW\Ctr\ctrLogin.php on line 15
[26-May-2022 19:46:58 UTC] PHP Notice:  Undefined index: opc in C:\NominaW\Ctr\ctrLogin.php on line 15
[17-Jun-2022 16:01:27 UTC] PHP Notice:  Undefined index: opc in C:\NominaW\Ctr\ctrLogin.php on line 15
[17-Jun-2022 16:01:54 UTC] PHP Notice:  Undefined index: opc in C:\NominaW\Ctr\ctrLogin.php on line 15
[20-Jun-2022 12:27:41 UTC] PHP Notice:  Undefined index: opc in C:\NominaW\Ctr\ctrLogin.php on line 15
[21-Jun-2022 20:21:42 UTC] PHP Notice:  Undefined index: opc in C:\NominaW\Ctr\ctrLogin.php on line 15
[23-Jun-2022 17:56:20 UTC] PHP Notice:  Undefined index: opc in C:\NominaW\Ctr\ctrLogin.php on line 15
[23-Jun-2022 17:56:21 UTC] PHP Notice:  Undefined index: opc in C:\NominaW\Ctr\ctrLogin.php on line 15
[23-Jun-2022 20:10:56 UTC] PHP Notice:  Undefined index: opc in C:\NominaW\Ctr\ctrLogin.php on line 15
[23-Jun-2022 20:34:50 UTC] PHP Notice:  Undefined index: opc in C:\NominaW\Ctr\ctrLogin.php on line 15
[23-Jun-2022 20:34:50 UTC] PHP Notice:  Undefined index: opc in C:\NominaW\Ctr\ctrLogin.php on line 15
[23-Jun-2022 20:34:51 UTC] PHP Notice:  Undefined index: opc in C:\NominaW\Ctr\ctrLogin.php on line 15
[23-Jun-2022 20:35:58 UTC] PHP Notice:  Undefined index: opc in C:\NominaW\Ctr\ctrLogin.php on line 15
[24-Jun-2022 13:35:14 UTC] PHP Warning:  sqlsrv_query() expects parameter 1 to be resource, bool given in C:\NominaW\ClsMsSql.php on line 265
[24-Jun-2022 13:35:14 UTC] PHP Warning:  sqlsrv_fetch_array() expects parameter 1 to be resource, bool given in C:\NominaW\ClsMsSql.php on line 269
[24-Jun-2022 13:35:14 UTC] PHP Warning:  sqlsrv_free_stmt() expects parameter 1 to be resource, bool given in C:\NominaW\ClsMsSql.php on line 273
[26-Jun-2022 23:16:19 UTC] PHP Notice:  Undefined index: opc in C:\NominaW\Ctr\ctrLogin.php on line 15
[05-Jul-2022 15:55:33 UTC] PHP Notice:  Undefined index: opc in C:\NominaW\Ctr\ctrLogin.php on line 15
[05-Jul-2022 15:55:35 UTC] PHP Notice:  Undefined index: opc in C:\NominaW\Ctr\ctrLogin.php on line 15
[05-Jul-2022 15:58:20 UTC] PHP Notice:  Undefined index: opc in C:\NominaW\Ctr\ctrLogin.php on line 15
