[14-May-2022 18:12:10 UTC] PHP Notice:  Undefined index: Nombre in C:\OsGc\Vis\index.php on line 106
[14-May-2022 18:16:58 UTC] PHP Notice:  Undefined index: Nombre in C:\OsGc\Vis\index.php on line 106
[14-May-2022 18:32:17 UTC] PHP Notice:  Undefined index: Nombre in C:\OsGc\Vis\index.php on line 107
[14-May-2022 18:32:49 UTC] PHP Notice:  Undefined index: Nombre in C:\OsGc\Vis\index.php on line 107
[14-May-2022 18:32:50 UTC] PHP Notice:  Undefined index: Nombre in C:\OsGc\Vis\index.php on line 107
[14-May-2022 18:33:02 UTC] PHP Notice:  Undefined index: Nombre in C:\OsGc\Vis\index.php on line 107
[14-May-2022 18:33:03 UTC] PHP Notice:  Undefined index: Nombre in C:\OsGc\Vis\index.php on line 107
[14-May-2022 18:33:03 UTC] PHP Notice:  Undefined index: Nombre in C:\OsGc\Vis\index.php on line 107
[14-May-2022 18:33:04 UTC] PHP Notice:  Undefined index: Nombre in C:\OsGc\Vis\index.php on line 107
[14-May-2022 18:33:14 UTC] PHP Notice:  Undefined index: Nombre in C:\OsGc\Vis\index.php on line 107
[14-May-2022 18:33:14 UTC] PHP Notice:  Undefined index: Nombre in C:\OsGc\Vis\index.php on line 107
[14-May-2022 18:33:15 UTC] PHP Notice:  Undefined index: Nombre in C:\OsGc\Vis\index.php on line 107
[14-May-2022 18:37:54 UTC] PHP Notice:  Undefined index: Passw in C:\OsGc\Vis\index.php on line 10
[14-May-2022 18:37:54 UTC] PHP Notice:  Undefined index: Nombre in C:\OsGc\Vis\index.php on line 107
[14-May-2022 18:41:02 UTC] PHP Notice:  Undefined index: Passw in C:\OsGc\Vis\index.php on line 10
[14-May-2022 18:41:02 UTC] PHP Notice:  Undefined index: Nombre in C:\OsGc\Vis\index.php on line 107
[14-May-2022 18:41:37 UTC] PHP Notice:  Undefined index: Nombre in C:\OsGc\Vis\index.php on line 107
[14-May-2022 18:42:03 UTC] PHP Notice:  Undefined index: Nombre in C:\OsGc\Vis\index.php on line 107
[14-May-2022 18:44:16 UTC] PHP Notice:  Undefined index: Nombre in C:\OsGc\Vis\index.php on line 107
[14-May-2022 18:48:14 UTC] PHP Notice:  Undefined index: Nombre in C:\OsGc\Vis\index.php on line 107
[14-May-2022 19:01:35 UTC] PHP Notice:  Undefined index: Nombre in C:\OsGc\Vis\index.php on line 107
[14-May-2022 19:05:28 UTC] PHP Notice:  Undefined index: Nombre in C:\OsGc\Vis\index.php on line 107
[15-May-2022 10:06:01 UTC] PHP Notice:  Undefined index: Nombre in C:\OsGc\Vis\index.php on line 107
[15-May-2022 10:06:06 UTC] PHP Notice:  Undefined index: Nombre in C:\OsGc\Vis\index.php on line 107
[16-May-2022 16:54:14 UTC] PHP Notice:  Undefined index: Nombre in C:\OsGc\Vis\index.php on line 107
[16-May-2022 17:13:23 UTC] PHP Notice:  Undefined index: Nombre in C:\OsGc\Vis\index.php on line 107
[16-May-2022 17:18:26 UTC] PHP Notice:  Undefined index: Nombre in C:\OsGc\Vis\index.php on line 107
[16-May-2022 17:25:23 UTC] PHP Notice:  Undefined index: Nombre in C:\OsGc\Vis\index.php on line 107
[16-May-2022 17:37:04 UTC] PHP Notice:  Undefined index: Nombre in C:\OsGc\Vis\index.php on line 107
[16-May-2022 17:54:11 UTC] PHP Notice:  Undefined index: Nombre in C:\OsGc\Vis\index.php on line 107
[16-May-2022 18:12:59 UTC] PHP Notice:  Undefined index: Nombre in C:\OsGc\Vis\index.php on line 107
[17-May-2022 13:34:25 UTC] PHP Notice:  Undefined index: Nombre in C:\OsGc\Vis\index.php on line 107
[18-May-2022 16:28:25 UTC] PHP Notice:  Undefined index: Nombre in C:\OsGc\Vis\index.php on line 107
[19-May-2022 14:05:41 UTC] PHP Notice:  Undefined index: Nombre in C:\OsGc\Vis\index.php on line 107
[20-May-2022 14:46:16 UTC] PHP Notice:  Undefined index: Nombre in C:\OsGc\Vis\index.php on line 107
[20-May-2022 16:13:19 UTC] PHP Notice:  Undefined index: Nombre in C:\OsGc\Vis\index.php on line 107
[20-May-2022 16:52:25 UTC] PHP Notice:  Undefined index: Nombre in C:\OsGc\Vis\index.php on line 107
[20-May-2022 17:13:39 UTC] PHP Notice:  Undefined index: Nombre in C:\OsGc\Vis\index.php on line 107
[20-May-2022 17:25:50 UTC] PHP Notice:  Undefined index: Nombre in C:\OsGc\Vis\index.php on line 107
[20-May-2022 17:28:13 UTC] PHP Notice:  Undefined index: Nombre in C:\OsGc\Vis\index.php on line 107
[20-May-2022 17:36:48 UTC] PHP Notice:  Undefined index: Nombre in C:\OsGc\Vis\index.php on line 107
[21-May-2022 22:24:20 UTC] PHP Notice:  Undefined index: Nombre in C:\OsGc\Vis\index.php on line 107
[31-May-2022 15:32:41 UTC] PHP Notice:  Undefined index: Nombre in C:\OsGc\Vis\index.php on line 115
[31-May-2022 17:20:08 UTC] PHP Notice:  Undefined index: Nombre in C:\OsGc\Vis\index.php on line 115
[01-Jun-2022 15:50:27 UTC] PHP Notice:  Undefined index: Nombre in C:\OsGc\Vis\index.php on line 115
[01-Jun-2022 15:50:36 UTC] PHP Notice:  Undefined index: Nombre in C:\OsGc\Vis\index.php on line 115
[01-Jun-2022 15:50:53 UTC] PHP Notice:  Undefined index: Nombre in C:\OsGc\Vis\index.php on line 115
[01-Jun-2022 15:55:34 UTC] PHP Notice:  session_start(): ps_files_cleanup_dir: opendir(C:\Windows\TEMP) failed: No such file or directory (2) in C:\OsGc\Vis\index.php on line 6
[01-Jun-2022 15:55:34 UTC] PHP Notice:  Undefined index: Nombre in C:\OsGc\Vis\index.php on line 115
[01-Jun-2022 15:59:11 UTC] PHP Notice:  Undefined index: Nombre in C:\OsGc\Vis\index.php on line 115
[01-Jun-2022 15:59:33 UTC] PHP Notice:  Undefined index: Nombre in C:\OsGc\Vis\index.php on line 115
[01-Jun-2022 16:00:32 UTC] PHP Notice:  Undefined index: Nombre in C:\OsGc\Vis\index.php on line 115
[01-Jun-2022 16:00:44 UTC] PHP Notice:  Undefined index: Nombre in C:\OsGc\Vis\index.php on line 115
[01-Jun-2022 16:08:08 UTC] PHP Notice:  Undefined index: Nombre in C:\OsGc\Vis\index.php on line 115
[01-Jun-2022 16:08:30 UTC] PHP Notice:  Undefined index: Nombre in C:\OsGc\Vis\index.php on line 115
[01-Jun-2022 16:29:14 UTC] PHP Notice:  Undefined index: Nombre in C:\OsGc\Vis\index.php on line 115
[01-Jun-2022 16:29:22 UTC] PHP Notice:  Undefined index: Nombre in C:\OsGc\Vis\index.php on line 115
[01-Jun-2022 16:36:19 UTC] PHP Notice:  Undefined index: Nombre in C:\OsGc\Vis\index.php on line 115
[01-Jun-2022 21:09:47 UTC] PHP Notice:  Undefined index: Nombre in C:\OsGc\Vis\index.php on line 115
[02-Jun-2022 13:08:45 UTC] PHP Notice:  Undefined index: Nombre in C:\OsGc\Vis\index.php on line 115
[02-Jun-2022 13:09:16 UTC] PHP Notice:  Undefined index: Nombre in C:\OsGc\Vis\index.php on line 115
[02-Jun-2022 16:29:26 UTC] PHP Notice:  Undefined index: Nombre in C:\OsGc\Vis\index.php on line 115
[02-Jun-2022 16:35:36 UTC] PHP Notice:  Undefined index: Nombre in C:\OsGc\Vis\index.php on line 115
[02-Jun-2022 17:35:22 UTC] PHP Notice:  Undefined index: Nombre in C:\OsGc\Vis\index.php on line 115
[04-Jun-2022 13:18:54 UTC] PHP Notice:  Undefined index: Nombre in C:\OsGc\Vis\index.php on line 115
[09-Jun-2022 19:53:13 UTC] PHP Notice:  Undefined index: Nombre in C:\OsGc\Vis\index.php on line 115
[09-Jun-2022 20:01:10 UTC] PHP Notice:  Undefined index: Nombre in C:\OsGc\Vis\index.php on line 115
[09-Jun-2022 20:02:51 UTC] PHP Notice:  Undefined index: Nombre in C:\OsGc\Vis\index.php on line 115
[09-Jun-2022 20:06:40 UTC] PHP Notice:  Undefined index: Nombre in C:\OsGc\Vis\index.php on line 115
[09-Jun-2022 20:10:19 UTC] PHP Notice:  Undefined index: Nombre in C:\OsGc\Vis\index.php on line 115
[09-Jun-2022 20:11:19 UTC] PHP Notice:  Undefined index: Nombre in C:\OsGc\Vis\index.php on line 115
[09-Jun-2022 20:12:42 UTC] PHP Notice:  Undefined index: Nombre in C:\OsGc\Vis\index.php on line 115
[09-Jun-2022 20:14:00 UTC] PHP Notice:  Undefined index: Nombre in C:\OsGc\Vis\index.php on line 115
[09-Jun-2022 20:15:29 UTC] PHP Notice:  Undefined index: Nombre in C:\OsGc\Vis\index.php on line 115
[09-Jun-2022 20:16:50 UTC] PHP Notice:  Undefined index: Nombre in C:\OsGc\Vis\index.php on line 115
[09-Jun-2022 20:18:04 UTC] PHP Notice:  Undefined index: Nombre in C:\OsGc\Vis\index.php on line 115
[09-Jun-2022 20:18:47 UTC] PHP Notice:  Undefined index: Nombre in C:\OsGc\Vis\index.php on line 115
[09-Jun-2022 20:19:27 UTC] PHP Notice:  Undefined index: Nombre in C:\OsGc\Vis\index.php on line 115
[09-Jun-2022 20:21:29 UTC] PHP Notice:  Undefined index: Nombre in C:\OsGc\Vis\index.php on line 115
[09-Jun-2022 20:22:32 UTC] PHP Notice:  Undefined index: Nombre in C:\OsGc\Vis\index.php on line 115
[09-Jun-2022 20:26:35 UTC] PHP Notice:  Undefined index: Nombre in C:\OsGc\Vis\index.php on line 115
[09-Jun-2022 20:26:55 UTC] PHP Notice:  Undefined index: Nombre in C:\OsGc\Vis\index.php on line 115
[09-Jun-2022 20:27:22 UTC] PHP Notice:  Undefined index: Nombre in C:\OsGc\Vis\index.php on line 115
[09-Jun-2022 21:05:32 UTC] PHP Notice:  Undefined index: Nombre in C:\OsGc\Vis\index.php on line 115
[09-Jun-2022 21:07:25 UTC] PHP Notice:  Undefined index: Nombre in C:\OsGc\Vis\index.php on line 115
[09-Jun-2022 21:08:25 UTC] PHP Notice:  Undefined index: Nombre in C:\OsGc\Vis\index.php on line 115
[09-Jun-2022 21:08:44 UTC] PHP Notice:  Undefined index: Nombre in C:\OsGc\Vis\index.php on line 115
[09-Jun-2022 21:10:00 UTC] PHP Notice:  Undefined index: Nombre in C:\OsGc\Vis\index.php on line 115
[09-Jun-2022 21:10:29 UTC] PHP Notice:  Undefined index: Nombre in C:\OsGc\Vis\index.php on line 115
[09-Jun-2022 21:11:09 UTC] PHP Notice:  Undefined index: Nombre in C:\OsGc\Vis\index.php on line 115
[09-Jun-2022 21:12:46 UTC] PHP Notice:  Undefined index: Nombre in C:\OsGc\Vis\index.php on line 115
[09-Jun-2022 21:13:04 UTC] PHP Notice:  Undefined index: Nombre in C:\OsGc\Vis\index.php on line 115
[09-Jun-2022 21:13:46 UTC] PHP Notice:  Undefined index: Nombre in C:\OsGc\Vis\index.php on line 115
[09-Jun-2022 21:17:42 UTC] PHP Notice:  Undefined index: Nombre in C:\OsGc\Vis\index.php on line 115
[09-Jun-2022 21:18:43 UTC] PHP Notice:  Undefined index: Nombre in C:\OsGc\Vis\index.php on line 115
[09-Jun-2022 21:28:31 UTC] PHP Notice:  Undefined index: Nombre in C:\OsGc\Vis\index.php on line 115
[09-Jun-2022 21:28:58 UTC] PHP Notice:  Undefined index: Nombre in C:\OsGc\Vis\index.php on line 115
[09-Jun-2022 21:29:50 UTC] PHP Notice:  Undefined index: Nombre in C:\OsGc\Vis\index.php on line 115
[09-Jun-2022 21:30:16 UTC] PHP Notice:  Undefined index: Nombre in C:\OsGc\Vis\index.php on line 115
[09-Jun-2022 21:30:54 UTC] PHP Notice:  Undefined index: Nombre in C:\OsGc\Vis\index.php on line 115
[09-Jun-2022 21:31:26 UTC] PHP Notice:  Undefined index: Nombre in C:\OsGc\Vis\index.php on line 115
[09-Jun-2022 21:31:59 UTC] PHP Notice:  Undefined index: Nombre in C:\OsGc\Vis\index.php on line 115
[09-Jun-2022 21:45:19 UTC] PHP Notice:  Undefined index: Nombre in C:\OsGc\Vis\index.php on line 115
[09-Jun-2022 21:45:34 UTC] PHP Notice:  Undefined index: Nombre in C:\OsGc\Vis\index.php on line 115
[10-Jun-2022 00:54:02 UTC] PHP Notice:  Undefined index: Nombre in C:\OsGc\Vis\index.php on line 115
[10-Jun-2022 14:22:39 UTC] PHP Notice:  Undefined index: Nombre in C:\OsGc\Vis\index.php on line 115
[10-Jun-2022 16:01:39 UTC] PHP Notice:  Undefined index: Nombre in C:\OsGc\Vis\index.php on line 115
[10-Jun-2022 16:01:46 UTC] PHP Notice:  Undefined index: Nombre in C:\OsGc\Vis\index.php on line 115
[10-Jun-2022 16:02:05 UTC] PHP Notice:  Undefined index: Nombre in C:\OsGc\Vis\index.php on line 115
[10-Jun-2022 16:02:54 UTC] PHP Notice:  Undefined index: Nombre in C:\OsGc\Vis\index.php on line 115
[10-Jun-2022 16:08:57 UTC] PHP Notice:  Undefined index: Nombre in C:\OsGc\Vis\index.php on line 115
[11-Jun-2022 01:27:36 UTC] PHP Notice:  Undefined index: Nombre in C:\OsGc\Vis\index.php on line 115
[11-Jun-2022 01:27:58 UTC] PHP Notice:  Undefined index: Nombre in C:\OsGc\Vis\index.php on line 115
[21-Jun-2022 21:50:49 UTC] PHP Notice:  Undefined index: Nombre in C:\OsGc\Vis\index.php on line 115
[12-Jul-2022 13:21:25 UTC] PHP Notice:  Undefined index: Nombre in C:\OsGc\Vis\index.php on line 115
[12-Aug-2022 14:14:54 UTC] PHP Notice:  Undefined index: Nombre in C:\OsGc\Vis\index.php on line 115
[12-Aug-2022 14:17:46 UTC] PHP Notice:  Undefined index: Nombre in C:\OsGc\Vis\index.php on line 115
[15-Aug-2022 16:20:55 UTC] PHP Notice:  Undefined index: Nombre in C:\OsGc\Vis\index.php on line 115
[16-Aug-2022 13:25:16 UTC] PHP Notice:  Undefined index: Nombre in C:\OsGc\Vis\index.php on line 115
[16-Aug-2022 13:26:41 UTC] PHP Notice:  Undefined index: Nombre in C:\OsGc\Vis\index.php on line 115
[16-Aug-2022 13:30:01 UTC] PHP Notice:  Undefined index: Nombre in C:\OsGc\Vis\index.php on line 115
[16-Aug-2022 13:30:33 UTC] PHP Notice:  Undefined index: Nombre in C:\OsGc\Vis\index.php on line 115
[16-Aug-2022 19:40:32 UTC] PHP Notice:  Undefined index: Nombre in C:\OsGc\Vis\index.php on line 115
[16-Aug-2022 19:40:45 UTC] PHP Notice:  Undefined index: Nombre in C:\OsGc\Vis\index.php on line 115
[16-Aug-2022 19:40:59 UTC] PHP Notice:  Undefined index: Nombre in C:\OsGc\Vis\index.php on line 115
[16-Aug-2022 19:42:40 UTC] PHP Notice:  Undefined index: Nombre in C:\OsGc\Vis\index.php on line 115
[16-Aug-2022 19:44:01 UTC] PHP Notice:  Undefined index: Nombre in C:\OsGc\Vis\index.php on line 115
[16-Aug-2022 19:44:31 UTC] PHP Notice:  Undefined index: Nombre in C:\OsGc\Vis\index.php on line 115
[16-Aug-2022 20:41:28 UTC] PHP Notice:  Undefined index: Nombre in C:\OsGc\Vis\index.php on line 115
[16-Aug-2022 21:19:18 UTC] PHP Notice:  Undefined index: Nombre in C:\OsGc\Vis\index.php on line 115
[16-Aug-2022 21:20:04 UTC] PHP Notice:  Undefined index: Nombre in C:\OsGc\Vis\index.php on line 115
[16-Aug-2022 21:36:43 UTC] PHP Notice:  Undefined index: Nombre in C:\OsGc\Vis\index.php on line 115
[16-Aug-2022 21:36:48 UTC] PHP Notice:  Undefined index: Nombre in C:\OsGc\Vis\index.php on line 115
[16-Aug-2022 21:39:39 UTC] PHP Notice:  Undefined index: Nombre in C:\OsGc\Vis\index.php on line 115
[16-Aug-2022 21:44:14 UTC] PHP Notice:  Undefined index: Nombre in C:\OsGc\Vis\index.php on line 115
[16-Aug-2022 21:44:29 UTC] PHP Notice:  Undefined index: Nombre in C:\OsGc\Vis\index.php on line 115
[16-Aug-2022 21:44:46 UTC] PHP Notice:  Undefined index: Nombre in C:\OsGc\Vis\index.php on line 115
[16-Aug-2022 21:50:15 UTC] PHP Notice:  Undefined index: Nombre in C:\OsGc\Vis\index.php on line 115
[16-Aug-2022 21:51:05 UTC] PHP Notice:  Undefined index: Nombre in C:\OsGc\Vis\index.php on line 115
[16-Aug-2022 22:00:45 UTC] PHP Notice:  Undefined index: Nombre in C:\OsGc\Vis\index.php on line 115
[16-Aug-2022 22:08:19 UTC] PHP Notice:  Undefined index: Nombre in C:\OsGc\Vis\index.php on line 115
[16-Aug-2022 22:08:32 UTC] PHP Notice:  Undefined index: Nombre in C:\OsGc\Vis\index.php on line 115
[16-Aug-2022 22:28:05 UTC] PHP Notice:  Undefined index: Nombre in C:\OsGc\Vis\index.php on line 115
[17-Aug-2022 18:44:15 UTC] PHP Notice:  Undefined index: Nombre in C:\OsGc\Vis\index.php on line 115
[17-Aug-2022 18:45:37 UTC] PHP Notice:  Undefined index: Nombre in C:\OsGc\Vis\index.php on line 115
[17-Aug-2022 18:53:31 UTC] PHP Notice:  Undefined index: Nombre in C:\OsGc\Vis\index.php on line 115
[17-Aug-2022 20:50:15 UTC] PHP Notice:  Undefined index: Nombre in C:\OsGc\Vis\index.php on line 115
[17-Aug-2022 20:50:26 UTC] PHP Notice:  Undefined index: Nombre in C:\OsGc\Vis\index.php on line 115
[17-Aug-2022 21:12:36 UTC] PHP Notice:  Undefined index: Nombre in C:\OsGc\Vis\index.php on line 115
[17-Aug-2022 21:32:32 UTC] PHP Notice:  Undefined index: Nombre in C:\OsGc\Vis\index.php on line 115
[17-Aug-2022 21:32:50 UTC] PHP Notice:  Undefined index: Nombre in C:\OsGc\Vis\index.php on line 115
[17-Aug-2022 21:33:54 UTC] PHP Notice:  Undefined index: Nombre in C:\OsGc\Vis\index.php on line 115
[17-Aug-2022 21:36:17 UTC] PHP Notice:  Undefined index: Nombre in C:\OsGc\Vis\index.php on line 115
[17-Aug-2022 21:39:10 UTC] PHP Notice:  Undefined index: Nombre in C:\OsGc\Vis\index.php on line 115
[17-Aug-2022 21:45:55 UTC] PHP Notice:  Undefined index: Nombre in C:\OsGc\Vis\index.php on line 115
[17-Aug-2022 21:45:56 UTC] PHP Notice:  Undefined index: Nombre in C:\OsGc\Vis\index.php on line 115
[17-Aug-2022 21:51:08 UTC] PHP Notice:  Undefined index: Nombre in C:\OsGc\Vis\index.php on line 115
[17-Aug-2022 21:55:33 UTC] PHP Notice:  Undefined index: Nombre in C:\OsGc\Vis\index.php on line 115
[17-Aug-2022 21:59:37 UTC] PHP Notice:  Undefined index: Nombre in C:\OsGc\Vis\index.php on line 115
[17-Aug-2022 22:02:12 UTC] PHP Notice:  Undefined index: Nombre in C:\OsGc\Vis\index.php on line 115
[17-Aug-2022 22:02:28 UTC] PHP Notice:  Undefined index: Nombre in C:\OsGc\Vis\index.php on line 115
[17-Aug-2022 22:02:29 UTC] PHP Notice:  Undefined index: Nombre in C:\OsGc\Vis\index.php on line 115
[17-Aug-2022 22:03:12 UTC] PHP Notice:  Undefined index: Nombre in C:\OsGc\Vis\index.php on line 115
[17-Aug-2022 22:05:40 UTC] PHP Notice:  Undefined index: Nombre in C:\OsGc\Vis\index.php on line 115
[18-Aug-2022 12:57:56 UTC] PHP Notice:  Undefined index: Nombre in C:\OsGc\Vis\index.php on line 115
[18-Aug-2022 14:14:27 UTC] PHP Notice:  Undefined index: Nombre in C:\OsGc\Vis\index.php on line 115
[18-Aug-2022 14:29:47 UTC] PHP Notice:  Undefined index: Nombre in C:\OsGc\Vis\index.php on line 115
[20-Aug-2022 14:07:28 UTC] PHP Notice:  Undefined index: Nombre in C:\OsGc\Vis\index.php on line 115
[20-Aug-2022 14:07:29 UTC] PHP Notice:  Undefined index: Nombre in C:\OsGc\Vis\index.php on line 115
[20-Aug-2022 14:07:49 UTC] PHP Notice:  Undefined index: Nombre in C:\OsGc\Vis\index.php on line 115
[20-Aug-2022 17:01:46 UTC] PHP Notice:  Undefined index: Nombre in C:\OsGc\Vis\index.php on line 115
[20-Aug-2022 17:58:50 UTC] PHP Notice:  Undefined index: Nombre in C:\OsGc\Vis\index.php on line 115
[24-Aug-2022 16:47:30 UTC] PHP Notice:  Undefined index: Nombre in C:\OsGc\Vis\index.php on line 115
[24-Aug-2022 16:53:57 UTC] PHP Notice:  Undefined index: Nombre in C:\OsGc\Vis\index.php on line 115
[24-Aug-2022 22:09:10 UTC] PHP Notice:  Undefined index: Nombre in C:\OsGc\Vis\index.php on line 115
[29-Aug-2022 13:18:59 UTC] PHP Notice:  Undefined index: Nombre in C:\OsGc\Vis\index.php on line 115
[29-Aug-2022 13:19:48 UTC] PHP Notice:  Undefined index: Nombre in C:\OsGc\Vis\index.php on line 115
[29-Aug-2022 14:57:13 UTC] PHP Notice:  Undefined index: Nombre in C:\OsGc\Vis\index.php on line 115
[29-Aug-2022 15:00:21 UTC] PHP Notice:  Undefined index: Nombre in C:\OsGc\Vis\index.php on line 115
[29-Aug-2022 18:27:05 UTC] PHP Notice:  Undefined index: Nombre in C:\OsGc\Vis\index.php on line 115
[29-Aug-2022 18:27:23 UTC] PHP Notice:  Undefined index: Nombre in C:\OsGc\Vis\index.php on line 115
[29-Aug-2022 18:27:32 UTC] PHP Notice:  Undefined index: Nombre in C:\OsGc\Vis\index.php on line 115
[29-Aug-2022 19:21:05 UTC] PHP Notice:  Undefined index: Nombre in C:\OsGc\Vis\index.php on line 115
[29-Aug-2022 19:58:21 UTC] PHP Notice:  Undefined index: Nombre in C:\OsGc\Vis\index.php on line 115
[29-Aug-2022 21:01:50 UTC] PHP Notice:  Undefined index: Nombre in C:\OsGc\Vis\index.php on line 115
[30-Aug-2022 21:16:02 UTC] PHP Notice:  Undefined index: Nombre in C:\OsGc\Vis\index.php on line 115
[02-Sep-2022 15:32:53 UTC] PHP Notice:  Undefined index: Nombre in C:\OsGc\Vis\index.php on line 115
[02-Sep-2022 15:33:18 UTC] PHP Notice:  Undefined index: Nombre in C:\OsGc\Vis\index.php on line 115
[02-Sep-2022 16:28:15 UTC] PHP Notice:  Undefined index: Nombre in C:\OsGc\Vis\index.php on line 115
[02-Sep-2022 21:11:07 UTC] PHP Notice:  Undefined index: Nombre in C:\OsGc\Vis\index.php on line 115
[03-Sep-2022 18:54:54 UTC] PHP Notice:  Undefined index: Nombre in C:\OsGc\Vis\index.php on line 115
[03-Sep-2022 18:55:57 UTC] PHP Notice:  Undefined index: Nombre in C:\OsGc\Vis\index.php on line 115
[05-Sep-2022 21:19:36 UTC] PHP Notice:  Undefined index: Nombre in C:\OsGc\Vis\index.php on line 115
[05-Sep-2022 21:20:38 UTC] PHP Notice:  Undefined index: Nombre in C:\OsGc\Vis\index.php on line 115
[06-Sep-2022 16:32:07 UTC] PHP Notice:  Undefined index: Nombre in C:\OsGc\Vis\index.php on line 115
[06-Sep-2022 16:32:37 UTC] PHP Notice:  Undefined index: Nombre in C:\OsGc\Vis\index.php on line 115
[09-Sep-2022 18:11:02 UTC] PHP Notice:  Undefined index: Nombre in C:\OsGc\Vis\index.php on line 115
[09-Sep-2022 18:47:08 UTC] PHP Notice:  Undefined index: Nombre in C:\OsGc\Vis\index.php on line 115
[13-Sep-2022 13:47:39 UTC] PHP Notice:  Undefined index: Nombre in C:\OsGc\Vis\index.php on line 115
[13-Sep-2022 13:52:31 UTC] PHP Notice:  Undefined index: Nombre in C:\OsGc\Vis\index.php on line 115
[14-Sep-2022 00:25:25 UTC] PHP Notice:  Undefined index: Nombre in C:\OsGc\Vis\index.php on line 115
[14-Sep-2022 00:25:40 UTC] PHP Notice:  Undefined index: Nombre in C:\OsGc\Vis\index.php on line 115
[14-Sep-2022 00:25:48 UTC] PHP Notice:  Undefined index: Nombre in C:\OsGc\Vis\index.php on line 115
[14-Sep-2022 00:25:52 UTC] PHP Notice:  Undefined index: Nombre in C:\OsGc\Vis\index.php on line 115
[19-Sep-2022 21:54:27 UTC] PHP Notice:  Undefined index: Nombre in C:\OsGc\Vis\index.php on line 115
[19-Sep-2022 21:55:35 UTC] PHP Notice:  Undefined index: Nombre in C:\OsGc\Vis\index.php on line 115
[20-Sep-2022 19:49:19 UTC] PHP Notice:  Undefined index: Nombre in C:\OsGc\Vis\index.php on line 115
[20-Sep-2022 20:33:32 UTC] PHP Notice:  Undefined index: Nombre in C:\OsGc\Vis\index.php on line 115
[20-Sep-2022 22:09:11 UTC] PHP Notice:  Undefined index: Nombre in C:\OsGc\Vis\index.php on line 115
[20-Sep-2022 22:44:11 UTC] PHP Notice:  Undefined index: Nombre in C:\OsGc\Vis\index.php on line 115
[20-Sep-2022 22:44:17 UTC] PHP Notice:  Undefined index: Nombre in C:\OsGc\Vis\index.php on line 115
[22-Sep-2022 14:05:55 UTC] PHP Notice:  Undefined index: Nombre in C:\OsGc\Vis\index.php on line 115
[22-Sep-2022 14:22:16 UTC] PHP Notice:  Undefined index: Nombre in C:\OsGc\Vis\index.php on line 115
[24-Sep-2022 16:47:26 UTC] PHP Notice:  Undefined index: Nombre in C:\OsGc\Vis\index.php on line 115
[24-Sep-2022 16:55:59 UTC] PHP Notice:  Undefined index: Nombre in C:\OsGc\Vis\index.php on line 115
[24-Sep-2022 18:55:23 UTC] PHP Notice:  Undefined index: Nombre in C:\OsGc\Vis\index.php on line 115
[26-Sep-2022 16:15:54 UTC] PHP Notice:  Undefined index: Nombre in C:\OsGc\Vis\index.php on line 115
[26-Sep-2022 16:29:49 UTC] PHP Notice:  Undefined index: Nombre in C:\OsGc\Vis\index.php on line 115
[29-Sep-2022 15:25:01 UTC] PHP Notice:  Undefined index: Nombre in C:\OsGc\Vis\index.php on line 115
[29-Sep-2022 16:28:24 UTC] PHP Notice:  Undefined index: Nombre in C:\OsGc\Vis\index.php on line 115
[29-Sep-2022 16:48:19 UTC] PHP Notice:  Undefined index: Nombre in C:\OsGc\Vis\index.php on line 115
[29-Sep-2022 19:22:51 UTC] PHP Notice:  Undefined index: Nombre in C:\OsGc\Vis\index.php on line 115
[29-Sep-2022 21:31:37 UTC] PHP Notice:  Undefined index: Nombre in C:\OsGc\Vis\index.php on line 115
[01-Oct-2022 13:43:38 UTC] PHP Notice:  Undefined index: Nombre in C:\OsGc\Vis\index.php on line 115
[01-Oct-2022 14:42:31 UTC] PHP Notice:  Undefined index: Nombre in C:\OsGc\Vis\index.php on line 115
[01-Oct-2022 15:14:39 UTC] PHP Notice:  Undefined index: Nombre in C:\OsGc\Vis\index.php on line 115
[03-Oct-2022 14:23:39 UTC] PHP Notice:  Undefined index: Nombre in C:\OsGc\Vis\index.php on line 115
[03-Oct-2022 14:26:32 UTC] PHP Notice:  Undefined index: Nombre in C:\OsGc\Vis\index.php on line 115
[07-Oct-2022 17:53:38 UTC] PHP Notice:  Undefined index: Nombre in C:\OsGc\Vis\index.php on line 115
[07-Oct-2022 18:00:17 UTC] PHP Notice:  Undefined index: Nombre in C:\OsGc\Vis\index.php on line 115
[07-Oct-2022 18:06:17 UTC] PHP Notice:  Undefined index: Nombre in C:\OsGc\Vis\index.php on line 115
[07-Oct-2022 18:29:33 UTC] PHP Notice:  Undefined index: Nombre in C:\OsGc\Vis\index.php on line 115
[08-Oct-2022 13:11:20 UTC] PHP Notice:  Undefined index: Nombre in C:\OsGc\Vis\index.php on line 115
[11-Oct-2022 13:02:50 UTC] PHP Notice:  Undefined index: Nombre in C:\OsGc\Vis\index.php on line 115
[19-Oct-2022 13:11:11 UTC] PHP Notice:  Undefined index: Nombre in C:\OsGc\Vis\index.php on line 115
[19-Oct-2022 13:12:48 UTC] PHP Notice:  Undefined index: Nombre in C:\OsGc\Vis\index.php on line 115
[07-Nov-2022 14:29:19 UTC] PHP Notice:  Undefined index: Nombre in C:\OsGc\Vis\index.php on line 115
[10-Nov-2022 22:46:03 UTC] PHP Notice:  Undefined index: Nombre in C:\OsGc\Vis\index.php on line 115
[11-Nov-2022 04:22:39 UTC] PHP Notice:  Undefined index: Nombre in C:\OsGc\Vis\index.php on line 115
[11-Nov-2022 11:00:25 UTC] PHP Notice:  Undefined index: Nombre in C:\OsGc\Vis\index.php on line 115
[11-Nov-2022 14:22:31 UTC] PHP Notice:  Undefined index: Nombre in C:\OsGc\Vis\index.php on line 115
[11-Nov-2022 14:22:38 UTC] PHP Notice:  Undefined index: Nombre in C:\OsGc\Vis\index.php on line 115
[03-Jan-2023 22:44:12 UTC] PHP Notice:  Undefined index: Nombre in C:\OsGc\Vis\index.php on line 115
[03-Jan-2023 23:04:06 UTC] PHP Notice:  Undefined index: Nombre in C:\OsGc\Vis\index.php on line 115
[09-Jan-2023 14:11:25 UTC] PHP Notice:  Undefined index: Nombre in C:\OsGc\Vis\index.php on line 115
[09-Jan-2023 14:11:33 UTC] PHP Notice:  Undefined index: Nombre in C:\OsGc\Vis\index.php on line 115
